#
# A fatal error has been detected by the Java Runtime Environment:
#
#  Internal Error (jvmciRuntime.cpp:1609), pid=38, tid=77
#  fatal error: Fatal exception in JVMCI: Error calling jdk.vm.ci.services.Services.serializeSavedProperties
#
# JRE version: OpenJDK Runtime Environment GraalVM CE 22.3.0 (17.0.5+8) (build 17.0.5+8-jvmci-22.3-b08)
# Java VM: OpenJDK 64-Bit Server VM GraalVM CE 22.3.0 (17.0.5+8-jvmci-22.3-b08, mixed mode, sharing, tiered, jvmci, jvmci compiler, compressed oops, compressed class ptrs, parallel gc, linux-amd64)
# Problematic frame:
# V  [libjvm.so+0x972714]  JVMCIRuntime::fatal_exception(JVMCIEnv*, char const*)+0x74
#
# Core dump will be written. Default location: Core dumps may be processed with "/usr/share/apport/apport -p%p -s%s -c%c -d%d -P%P -u%u -g%g -- %E" (or dumping to /home/runner/ProyectoFinal/core.38)
#
# If you would like to submit a bug report, please visit:
#   https://github.com/oracle/graal/issues
#

---------------  S U M M A R Y ------------

Command Line: -XX:ThreadPriorityPolicy=1 -XX:+UnlockExperimentalVMOptions -XX:+EnableJVMCIProduct -XX:JVMCIThreadsPerNativeLibraryRuntime=1 -XX:-UnlockExperimentalVMOptions -Declipse.application=org.eclipse.jdt.ls.core.id1 -Dosgi.bundles.defaultStartLevel=4 -Declipse.product=org.eclipse.jdt.ls.core.product -Dlog.level=ALL -Xverify:none -XX:+UseParallelGC -XX:GCTimeRatio=4 -XX:AdaptiveSizePolicyWeight=90 -Dsun.zip.disableMemoryMapping=true -Xmx512m -Xms100m /nix/store/q9712qvwdh22a4krw4jz2sjrz07mvjbl-jdt-language-server-1.9.0/share/java/plugins/org.eclipse.equinox.launcher_1.6.400.v20210924-0641.jar --add-modules=ALL-SYSTEM --add-opens java.base/java.util=ALL-UNNAMED --add-opens java.base/java.lang=ALL-UNNAMED -configuration /home/runner/ProyectoFinal/.cache/jdt-language-server/config -data /home/runner/.cache/jdt-language-server/data/home/runner/ProyectoFinal

Host: Intel(R) Xeon(R) CPU @ 2.20GHz, 8 cores, 1G, Ubuntu 20.04.2 LTS
Time: Wed Mar 13 17:23:16 2024 UTC elapsed time: 2934.878442 seconds (0d 0h 48m 54s)

---------------  T H R E A D  ---------------

Current thread (0x00007f77440b1990):  JavaThread "JVMCI-native CompilerThread0" daemon [_thread_in_vm, id=77, stack(0x00007f7748048000,0x00007f7748248000)]


Current CompileTask:
JVMCI-native:2934878 8727       4       org.eclipse.core.runtime.Assert::isNotNull (29 bytes)

Stack: [0x00007f7748048000,0x00007f7748248000],  sp=0x00007f7748246380,  free space=2040k
Native frames: (J=compiled Java code, j=interpreted, Vv=VM code, C=native code)
V  [libjvm.so+0x972714]  JVMCIRuntime::fatal_exception(JVMCIEnv*, char const*)+0x74
V  [libjvm.so+0x93e2fe]  JVMCIEnv::copy_saved_properties()+0x14e
V  [libjvm.so+0x9732a9]  JVMCIRuntime::initialize(JVMCIEnv*)+0xb19
V  [libjvm.so+0x9738a2]  JVMCIRuntime::get_HotSpotJVMCIRuntime(JVMCIEnv*)+0x12
V  [libjvm.so+0x9749f2]  JVMCIRuntime::compile_method(JVMCIEnv*, JVMCICompiler*, methodHandle const&, int)+0xd2
V  [libjvm.so+0x5b0d20]  CompileBroker::invoke_compiler_on_method(CompileTask*)+0x1470
V  [libjvm.so+0x5b12e8]  CompileBroker::compiler_thread_loop()+0x528
V  [libjvm.so+0xd82460]  JavaThread::thread_main_inner()+0xd0
V  [libjvm.so+0xd85a40]  Thread::call_run()+0xc0
V  [libjvm.so+0xbdb1e1]  thread_native_entry(Thread*)+0xe1

Register to memory mapping:

RAX=0x00007f774b17b000 points into unknown readable memory: 0x0000000000000058 | 58 00 00 00 00 00 00 00
RBX=0x00007f774c276398: <offset 0x0000000000ef5398> in /nix/store/gpxl5qgg8kicmcvivwmybwjlpf7wh20l-graalvm17-ce-22.3.0/lib/server/libjvm.so at 0x00007f774b381000
RCX=0x00007f774c22e1e8: <offset 0x0000000000ead1e8> in /nix/store/gpxl5qgg8kicmcvivwmybwjlpf7wh20l-graalvm17-ce-22.3.0/lib/server/libjvm.so at 0x00007f774b381000
RDX=0x0000000000000649 is an unknown value
RSP=0x00007f7748246380 is pointing into the stack for thread: 0x00007f77440b1990
RBP=0x00007f77482463a0 is pointing into the stack for thread: 0x00007f77440b1990
RSI=0x00007f774c276c48: <offset 0x0000000000ef5c48> in /nix/store/gpxl5qgg8kicmcvivwmybwjlpf7wh20l-graalvm17-ce-22.3.0/lib/server/libjvm.so at 0x00007f774b381000
RDI=0x00000000e0000000 is an oop: java.util.LinkedHashMap$Entry 
{0x00000000e0000000} - klass: 'java/util/LinkedHashMap$Entry'
 - ---- fields (total size 5 words):
 - final 'hash' 'I' @12  -2034522908 (86bba4e4)
 - final 'key' 'Ljava/lang/Object;' @16  a 'java/util/jar/Attributes$Name'{0x00000000e05d22c8} (e05d22c8)
 - 'value' 'Ljava/lang/Object;' @20  "1UlAQp69FgeMim2mALP4cvvbB+dv4oByqfzUsJ7BvhM="{0x00000000e0000028} (e0000028)
 - 'next' 'Ljava/util/HashMap$Node;' @24  NULL (0)
 - 'before' 'Ljava/util/LinkedHashMap$Entry;' @28  NULL (0)
 - 'after' 'Ljava/util/LinkedHashMap$Entry;' @32  NULL (0)
R8 =0x00007f774c276398: <offset 0x0000000000ef5398> in /nix/store/gpxl5qgg8kicmcvivwmybwjlpf7wh20l-graalvm17-ce-22.3.0/lib/server/libjvm.so at 0x00007f774b381000
R9 =0x0000000000000003 is an unknown value
R10=0x00007f774c5c7da0: <offset 0x0000000001246da0> in /nix/store/gpxl5qgg8kicmcvivwmybwjlpf7wh20l-graalvm17-ce-22.3.0/lib/server/libjvm.so at 0x00007f774b381000
R11=0x000000080044f048 is pointing into metadata
R12=0x0 is NULL
R13=0x00007f77440b1990 is a thread
R14=0x00007f7744000b80 points into unknown readable memory: 0x00007f774c4a7a38 | 38 7a 4a 4c 77 7f 00 00
R15=0x00007f774c5b5e40: <offset 0x0000000001234e40> in /nix/store/gpxl5qgg8kicmcvivwmybwjlpf7wh20l-graalvm17-ce-22.3.0/lib/server/libjvm.so at 0x00007f774b381000


Registers:
RAX=0x00007f774b17b000, RBX=0x00007f774c276398, RCX=0x00007f774c22e1e8, RDX=0x0000000000000649
RSP=0x00007f7748246380, RBP=0x00007f77482463a0, RSI=0x00007f774c276c48, RDI=0x00000000e0000000
R8 =0x00007f774c276398, R9 =0x0000000000000003, R10=0x00007f774c5c7da0, R11=0x000000080044f048
R12=0x0000000000000000, R13=0x00007f77440b1990, R14=0x00007f7744000b80, R15=0x00007f774c5b5e40
RIP=0x00007f774bcf3714, EFLAGS=0x0000000000010206, CSGSFS=0x002b000000000033, ERR=0x0000000000000006
  TRAPNO=0x000000000000000e

Top of Stack: (sp=0x00007f7748246380)
0x00007f7748246380:   00007f7748246940 00007f77440b1990
0x00007f7748246390:   00007f7749b0c8c8 0000000800c417a0
0x00007f77482463a0:   00007f7748246500 00007f774bcbf2fe
0x00007f77482463b0:   00007f77482463e0 00007f7748246440 

Instructions: (pc=0x00007f774bcf3714)
0x00007f774bcf3614:   30 e8 f6 cf e8 ff 4c 89 e7 e8 2e 48 d1 ff 84 db
0x00007f774bcf3624:   75 2a 4d 85 ed 74 04 4d 8b 6d 00 48 83 c4 08 44
0x00007f774bcf3634:   89 f9 4c 89 f2 4c 89 ee 5b 4c 89 e7 41 5c 41 5d
0x00007f774bcf3644:   41 5e 41 5f 5d e9 e2 47 d1 ff 66 90 48 83 c4 08
0x00007f774bcf3654:   5b 41 5c 41 5d 41 5e 41 5f 5d c3 90 31 d2 be 08
0x00007f774bcf3664:   00 00 00 4c 89 ff e8 b1 78 a3 ff 49 89 c5 e9 37
0x00007f774bcf3674:   ff ff ff 66 0f 1f 84 00 00 00 00 00 48 8b 7a 08
0x00007f774bcf3684:   e9 6d ff ff ff 0f 1f 80 00 00 00 00 e8 5b 48 0a
0x00007f774bcf3694:   00 84 c0 75 89 e9 6a ff ff ff 66 90 55 48 89 e5
0x00007f774bcf36a4:   41 56 41 55 41 54 49 89 fc 53 48 89 f3 66 48 8d
0x00007f774bcf36b4:   3d 27 5e 85 00 66 66 48 e8 df 43 8d ff 4c 8b 28
0x00007f774bcf36c4:   8b 05 be 72 8a 00 85 c0 75 14 ba 01 00 00 00 48
0x00007f774bcf36d4:   8d 0d ae 72 8a 00 f0 0f b1 11 85 c0 74 4e be c8
0x00007f774bcf36e4:   00 00 00 4c 89 ef e8 01 0b 41 00 48 8d 05 12 ac
0x00007f774bcf36f4:   85 00 49 89 d8 48 8d 0d e8 aa 53 00 ba 49 06 00
0x00007f774bcf3704:   00 48 8d 35 3c 35 58 00 bf 00 00 00 e0 48 8b 00
0x00007f774bcf3714:   c6 00 58 31 c0 e8 e2 91 c6 ff 5b 41 5c 41 5d 41
0x00007f774bcf3724:   5e 5d e9 55 34 26 00 0f 1f 44 00 00 48 8d 05 81
0x00007f774bcf3734:   a3 8b 00 48 89 df 4c 8b 30 e8 9e 43 8d ff 48 89
0x00007f774bcf3744:   de 48 89 c2 49 8b 06 4c 89 f7 ff 50 08 4c 89 f7
0x00007f774bcf3754:   e8 a7 5c 27 00 4d 85 e4 74 12 be 01 00 00 00 4c
0x00007f774bcf3764:   89 e7 e8 35 43 fc ff eb 82 0f 1f 00 be 01 00 00
0x00007f774bcf3774:   00 4c 89 ef e8 d3 fd ff ff e9 6d ff ff ff 66 66
0x00007f774bcf3784:   2e 0f 1f 84 00 00 00 00 00 0f 1f 00 55 48 89 e5
0x00007f774bcf3794:   41 57 41 56 41 55 41 54 53 48 81 ec 08 02 00 00
0x00007f774bcf37a4:   64 48 8b 04 25 28 00 00 00 48 89 45 c8 8b 07 83
0x00007f774bcf37b4:   f8 02 0f 84 11 04 00 00 4c 8b 6f 18 49 89 ff 49
0x00007f774bcf37c4:   89 f4 4d 85 ed 74 14 4c 89 ef e8 5d 57 22 00 41
0x00007f774bcf37d4:   8b 07 83 f8 02 0f 84 19 04 00 00 48 8d 1d 9a 06
0x00007f774bcf37e4:   8a 00 4c 8d 35 0b 3c 58 00 eb 38 90 48 85 d2 7f
0x00007f774bcf37f4:   0d 48 8d 05 b4 c0 85 00 48 83 38 00 7e 0e 41 8b
0x00007f774bcf3804:   77 2c 4c 89 f7 31 c0 e8 a0 b2 f7 ff 49 8b 7f 18 


Stack slot to memory mapping:
stack at sp + 0 slots: 0x00007f7748246940 is pointing into the stack for thread: 0x00007f77440b1990
stack at sp + 1 slots: 0x00007f77440b1990 is a thread
stack at sp + 2 slots: 0x00007f7749b0c8c8 points into unknown readable memory: 0x65730018052dffff | ff ff 2d 05 18 00 73 65
stack at sp + 3 slots: 0x0000000800c417a0 is a pointer to class: 
jdk.vm.ci.services.Services {0x0000000800c417a0}
 - instance size:     2
 - klass size:        65
 - access:            public final synchronized 
 - state:             fully_initialized
 - name:              'jdk/vm/ci/services/Services'
 - super:             'java/lang/Object'
 - sub:               
 - arrays:            NULL
 - methods:           Array<T>(0x00007f7748c43b10)
 - method ordering:   Array<T>(0x0000000800928960)
 - default_methods:   Array<T>(0x0000000000000000)
 - local interfaces:  Array<T>(0x00000008005ce810)
 - trans. interfaces: Array<T>(0x00000008005ce810)
 - constants:         constant pool [427] {0x00007f7748c42bf0} for 'jdk/vm/ci/services/Services' cache=0x00007f7748c44de0
 - class loader data:  loader data: 0x00007f7744027b90 of 'bootstrap'
 - source file:       'Services.java'
 - class annotations:       Array<T>(0x0000000000000000)
 - class type annotations:  Array<T>(0x0000000000000000)
 - field annotations:       Array<T>(0x0000000000000000)
 - field type annotations:  Array<T>(0x0000000000000000)
 - inner classes:     Array<T>(0x00007f7748c44db0)
 - nest members:     Array<T>(0x00007f7748c44dd0)
 - permitted subclasses:     Array<T>(0x00000008005ce7a0)
 - java mirror:       a 'java/lang/Class'{0x00000000e02b6eb0} = 'jdk/vm/ci/services/Services'
 - vtable length      5  (start addr: 0x0000000800c41970)
 - itable length      2 (start addr: 0x0000000800c41998)
 - ---- static fields (3 words):
 - public static final 'IS_BUILDING_NATIVE_IMAGE' 'Z' @128 
 - public static final 'IS_IN_NATIVE_IMAGE' 'Z' @129 
 - private static volatile 'savedProperties' 'Ljava/util/Map;' @112 
 - static final 'JVMCI_ENABLED' 'Z' @130 
 - private static final 'servicesCache' 'Ljava/util/Map;' @116 
 - private static final 'MAX_UNICODE_IN_UTF8_LENGTH' 'I' @120 
 - private static final 'MAX_UTF8_PROPERTY_STRING_LENGTH' 'I' @124 
 - ---- non-static fields (0 words):
 - non-static oop maps: 
stack at sp + 4 slots: 0x00007f7748246500 is pointing into the stack for thread: 0x00007f77440b1990
stack at sp + 5 slots: 0x00007f774bcbf2fe: <offset 0x000000000093e2fe> in /nix/store/gpxl5qgg8kicmcvivwmybwjlpf7wh20l-graalvm17-ce-22.3.0/lib/server/libjvm.so at 0x00007f774b381000
stack at sp + 6 slots: 0x00007f77482463e0 is pointing into the stack for thread: 0x00007f77440b1990
stack at sp + 7 slots: 0x00007f7748246440 is pointing into the stack for thread: 0x00007f77440b1990


---------------  P R O C E S S  ---------------

Threads class SMR info:
_java_thread_list=0x00007f76bc1158d0, length=29, elements={
0x00007f7744025e30, 0x00007f77440a5c80, 0x00007f77440a70c0, 0x00007f77440ad800,
0x00007f77440aebb0, 0x00007f77440affa0, 0x00007f77440b1990, 0x00007f77440b2ea0,
0x00007f77440b42f0, 0x00007f77440df7b0, 0x00007f7744127570, 0x00007f77442dc270,
0x00007f774431d010, 0x00007f774433f9a0, 0x00007f76dc032e40, 0x00007f76dc44d2f0,
0x00007f76dc4ab0d0, 0x00007f76dc63afa0, 0x00007f76dc7a1c00, 0x00007f7744362290,
0x00007f77444051a0, 0x00007f76b0000ff0, 0x00007f76b40590d0, 0x00007f76bc1165c0,
0x00007f76bc115100, 0x00007f76bc0c2360, 0x00007f76bc0bfd00, 0x00007f76bc0c2e40,
0x00007f76bc0bf780
}

Java Threads: ( => current thread )
  0x00007f7744025e30 JavaThread "main" [_thread_blocked, id=69, stack(0x00007f774b19c000,0x00007f774b29c000)]
  0x00007f77440a5c80 JavaThread "Reference Handler" daemon [_thread_blocked, id=72, stack(0x00007f774892e000,0x00007f7748a2e000)]
  0x00007f77440a70c0 JavaThread "Finalizer" daemon [_thread_blocked, id=73, stack(0x00007f774882e000,0x00007f774892e000)]
  0x00007f77440ad800 JavaThread "Signal Dispatcher" daemon [_thread_blocked, id=74, stack(0x00007f7748448000,0x00007f7748548000)]
  0x00007f77440aebb0 JavaThread "Service Thread" daemon [_thread_blocked, id=75, stack(0x00007f7748348000,0x00007f7748448000)]
  0x00007f77440affa0 JavaThread "Monitor Deflation Thread" daemon [_thread_blocked, id=76, stack(0x00007f7748248000,0x00007f7748348000)]
=>0x00007f77440b1990 JavaThread "JVMCI-native CompilerThread0" daemon [_thread_in_vm, id=77, stack(0x00007f7748048000,0x00007f7748248000)]
  0x00007f77440b2ea0 JavaThread "C1 CompilerThread0" daemon [_thread_blocked, id=78, stack(0x00007f772b2b3000,0x00007f772b4b3000)]
  0x00007f77440b42f0 JavaThread "Sweeper thread" daemon [_thread_blocked, id=79, stack(0x00007f772b1b3000,0x00007f772b2b3000)]
  0x00007f77440df7b0 JavaThread "Common-Cleaner" daemon [_thread_blocked, id=82, stack(0x00007f772b0b3000,0x00007f772b1b3000)]
  0x00007f7744127570 JavaThread "Notification Thread" daemon [_thread_blocked, id=83, stack(0x00007f772afb3000,0x00007f772b0b3000)]
  0x00007f77442dc270 JavaThread "Active Thread: Equinox Container: 25f51704-caac-4b78-90ce-cf56266cdbc1" [_thread_blocked, id=106, stack(0x00007f772adb1000,0x00007f772aeb1000)]
  0x00007f774431d010 JavaThread "Framework Event Dispatcher: Equinox Container: 25f51704-caac-4b78-90ce-cf56266cdbc1" daemon [_thread_blocked, id=107, stack(0x00007f7728900000,0x00007f7728a00000)]
  0x00007f774433f9a0 JavaThread "Start Level: Equinox Container: 25f51704-caac-4b78-90ce-cf56266cdbc1" daemon [_thread_blocked, id=108, stack(0x00007f7728700000,0x00007f7728800000)]
  0x00007f76dc032e40 JavaThread "SCR Component Actor" daemon [_thread_blocked, id=109, stack(0x00007f7728500000,0x00007f7728600000)]
  0x00007f76dc44d2f0 JavaThread "Worker-JM" [_thread_blocked, id=122, stack(0x00007f7728100000,0x00007f7728200000)]
  0x00007f76dc4ab0d0 JavaThread "Worker-0" [_thread_blocked, id=123, stack(0x00007f76f2d00000,0x00007f76f2e00000)]
  0x00007f76dc63afa0 JavaThread "Java indexing" daemon [_thread_blocked, id=128, stack(0x00007f76f2900000,0x00007f76f2a00000)]
  0x00007f76dc7a1c00 JavaThread "Bundle File Closer" daemon [_thread_blocked, id=133, stack(0x00007f7728300000,0x00007f7728400000)]
  0x00007f7744362290 JavaThread "pool-3-thread-1" [_thread_blocked, id=138, stack(0x00007f76f2500000,0x00007f76f2600000)]
  0x00007f77444051a0 JavaThread "pool-2-thread-1" [_thread_blocked, id=145, stack(0x00007f76f2300000,0x00007f76f2400000)]
  0x00007f76b0000ff0 JavaThread "Worker-4" [_thread_blocked, id=150, stack(0x00007f76f1f00000,0x00007f76f2000000)]
  0x00007f76b40590d0 JavaThread "Worker-8: Periodic workspace save." [_thread_blocked, id=643, stack(0x00007f76f2b00000,0x00007f76f2c00000)]
  0x00007f76bc1165c0 JavaThread "Thread-11" [_thread_blocked, id=708, stack(0x00007f76f1d00000,0x00007f76f1e00000)]
  0x00007f76bc115100 JavaThread "Thread-13" [_thread_blocked, id=1694, stack(0x00007f76f1b00000,0x00007f76f1c00000)]
  0x00007f76bc0c2360 JavaThread "Thread-17" [_thread_blocked, id=4277, stack(0x00007f76f2100000,0x00007f76f2200000)]
  0x00007f76bc0bfd00 JavaThread "Thread-18" [_thread_blocked, id=4439, stack(0x00007f76f2700000,0x00007f76f2800000)]
  0x00007f76bc0c2e40 JavaThread "Thread-19" [_thread_blocked, id=4509, stack(0x00007f76f2a00000,0x00007f76f2b00000)]
  0x00007f76bc0bf780 JavaThread "Thread-20" [_thread_blocked, id=5680, stack(0x00007f76f2400000,0x00007f76f2500000)]

Other Threads:
  0x00007f77440a13c0 VMThread "VM Thread" [stack: 0x00007f7748a30000,0x00007f7748b30000] [id=71] _threads_hazard_ptr=0x00007f76bc1158d0
  0x00007f7744128f10 WatcherThread [stack: 0x00007f772aeb3000,0x00007f772afb3000] [id=84]
  0x00007f774403d730 GCTaskThread "GC Thread#0" [stack: 0x00007f774ad5f000,0x00007f774ae5f000] [id=70]

Threads with active compile tasks:
JVMCI-native CompilerThread0  2935059 8727       4       org.eclipse.core.runtime.Assert::isNotNull (29 bytes)

VM state: synchronizing (normal execution)

VM Mutex/Monitor currently owned by a thread:  ([mutex/lock_event])
[0x00007f7744022f80] Threads_lock - owner thread: 0x00007f77440a13c0
[0x00007f7744023730] Heap_lock - owner thread: 0x00007f76dc63afa0

OutOfMemory and StackOverflow Exception counts:
OutOfMemoryError java_heap_errors=2
LinkageErrors=65

Heap address: 0x00000000e0000000, size: 512 MB, Compressed Oops mode: 32-bit

CDS archive(s) mapped at: [0x0000000800000000-0x0000000800bc8000-0x0000000800bc8000), size 12353536, SharedBaseAddress: 0x0000000800000000, ArchiveRelocationMode: 0.
Compressed class space mapped at: 0x0000000800c00000-0x0000000840c00000, reserved size: 1073741824
Narrow klass base: 0x0000000800000000, Narrow klass shift: 0, Narrow klass range: 0x100000000

GC Precious Log:
 CPUs: 8 total, 1 available
 Memory: 1024M
 Large Page Support: Disabled
 NUMA Support: Disabled
 Compressed Oops: Enabled (32-bit)
 Alignments: Space 512K, Generation 512K, Heap 2M
 Heap Min Capacity: 100M
 Heap Initial Capacity: 100M
 Heap Max Capacity: 512M
 Pre-touch: Disabled
 Parallel Workers: 1

Heap:
 PSYoungGen      total 62464K, used 37059K [0x00000000f5580000, 0x00000000fdb80000, 0x0000000100000000)
  eden space 36352K, 99% used [0x00000000f5580000,0x00000000f78ffff8,0x00000000f7900000)
  from space 26112K, 2% used [0x00000000fa980000,0x00000000faa30d58,0x00000000fc300000)
  to   space 49664K, 0% used [0x00000000f7900000,0x00000000f7900000,0x00000000fa980000)
 ParOldGen       total 349696K, used 349695K [0x00000000e0000000, 0x00000000f5580000, 0x00000000f5580000)
  object space 349696K, 99% used [0x00000000e0000000,0x00000000f557fff8,0x00000000f5580000)
 Metaspace       used 51397K, committed 52352K, reserved 1097728K
  class space    used 5013K, committed 5504K, reserved 1048576K

Card table byte_map: [0x00007f774ae5f000,0x00007f774af60000] _byte_map_base: 0x00007f774a75f000

Marking Bits: (ParMarkBitMap*) 0x00007f774c5af4c0
 Begin Bits: [0x00007f7749cb2000, 0x00007f774a4b2000)
 End Bits:   [0x00007f774a4b2000, 0x00007f774acb2000)

Polling page: 0x00007f774b179000

Metaspace:

Usage:
  Non-class:     45.30 MB used.
      Class:      4.90 MB used.
       Both:     50.19 MB used.

Virtual space:
  Non-class space:       48.00 MB reserved,      45.75 MB ( 95%) committed,  6 nodes.
      Class space:        1.00 GB reserved,       5.38 MB ( <1%) committed,  1 nodes.
             Both:        1.05 GB reserved,      51.12 MB (  5%) committed. 

Chunk freelists:
   Non-Class:  2.30 MB
       Class:  2.53 MB
        Both:  4.83 MB

MaxMetaspaceSize: unlimited
CompressedClassSpaceSize: 1.00 GB
Initial GC threshold: 21.00 MB
Current GC threshold: 85.12 MB
CDS: on
MetaspaceReclaimPolicy: balanced
 - commit_granule_bytes: 65536.
 - commit_granule_words: 8192.
 - virtual_space_node_default_size: 1048576.
 - enlarge_chunks_in_place: 1.
 - new_chunks_are_fully_committed: 0.
 - uncommit_free_chunks: 1.
 - use_allocation_guard: 0.
 - handle_deallocations: 1.


Internal statistics:

num_allocs_failed_limit: 6.
num_arena_births: 474.
num_arena_deaths: 136.
num_vsnodes_births: 7.
num_vsnodes_deaths: 0.
num_space_committed: 817.
num_space_uncommitted: 0.
num_chunks_returned_to_freelist: 197.
num_chunks_taken_from_freelist: 2694.
num_chunk_merges: 84.
num_chunk_splits: 1710.
num_chunks_enlarged: 1013.
num_purges: 14.
num_inconsistent_stats: 0.

CodeHeap 'non-profiled nmethods': size=120036Kb used=2420Kb max_used=2420Kb free=117615Kb
 bounds [0x00007f7732f7a000, 0x00007f77331ea000, 0x00007f773a4b3000]
CodeHeap 'profiled nmethods': size=120032Kb used=12684Kb max_used=14840Kb free=107347Kb
 bounds [0x00007f772ba42000, 0x00007f772c8c2000, 0x00007f7732f7a000]
CodeHeap 'non-nmethods': size=5692Kb used=1358Kb max_used=1358Kb free=4333Kb
 bounds [0x00007f772b4b3000, 0x00007f772b723000, 0x00007f772ba42000]
 total_blobs=6755 nmethods=6062 adapters=572
 compilation: enabled
              stopped_count=0, restarted_count=0
 full_count=0

JVMCI Events (20 events):
Event: 2568.897 Thread 0x00007f77440b1990 destroyed JavaVM[12]@0x00007f76f159e340 for JVMCI runtime 0
Event: 2568.897 Thread 0x00007f77440b1990 compacted oop handles in JVMCI runtime 0 from 60 to 60
Event: 2568.897 Thread 0x00007f77440b1990 releasing handles for JVMCI runtime 0: oop handles=60, metadata handles={total=256, live=246, blocks=37}
Event: 2568.897 Thread 0x00007f77440b1990 detached from JVMCI runtime 0
Event: 2625.860 Thread 0x00007f77440b1990 attached to JVMCI runtime 0
Event: 2625.863 Thread 0x00007f77440b1990 created JavaVM[13]@0x00007f76f159e340 for JVMCI runtime 0
Event: 2627.876 Thread 0x00007f77440b1990 initializing JVMCI runtime 0
Event: 2627.876 Thread 0x00007f77440b1990 done waiting for JavaVM references initialization in JVMCI runtime 0
Event: 2738.215 Thread 0x00007f77440b1990 initialized JVMCI runtime 0
Event: 2800.131 Thread 0x00007f77440b1990 detaching from JVMCI runtime 0: releasing idle compiler thread (0 other threads still attached)
Event: 2800.131 Thread 0x00007f77440b1990 shutting down HotSpotJVMCIRuntime for JVMCI runtime 0
Event: 2800.131 Thread 0x00007f77440b1990 shut down JVMCI runtime 0
Event: 2800.133 Thread 0x00007f77440b1990 destroyed JavaVM[13]@0x00007f76f159e340 for JVMCI runtime 0
Event: 2800.133 Thread 0x00007f77440b1990 compacted oop handles in JVMCI runtime 0 from 45 to 45
Event: 2800.133 Thread 0x00007f77440b1990 releasing handles for JVMCI runtime 0: oop handles=45, metadata handles={total=96, live=85, blocks=37}
Event: 2800.133 Thread 0x00007f77440b1990 detached from JVMCI runtime 0
Event: 2804.468 Thread 0x00007f77440b1990 attached to JVMCI runtime 0
Event: 2804.472 Thread 0x00007f77440b1990 created JavaVM[14]@0x00007f76f159e340 for JVMCI runtime 0
Event: 2806.577 Thread 0x00007f77440b1990 initializing JVMCI runtime 0
Event: 2806.577 Thread 0x00007f77440b1990 done waiting for JavaVM references initialization in JVMCI runtime 0

Compilation events (20 events):
Event: 2874.069 Thread 0x00007f77440b2ea0 8730       1       org.eclipse.jdt.ls.core.internal.LanguageServer::getParentProcessId (5 bytes)
Event: 2876.466 Thread 0x00007f77440b2ea0 nmethod 8730 0x00007f77331d6d90 code [0x00007f77331d6f20, 0x00007f77331d6ff0]
Event: 2878.667 Thread 0x00007f77440b2ea0 8733       3       sun.nio.fs.UnixUriUtils::fromUri (366 bytes)
Event: 2900.409 Thread 0x00007f77440b2ea0 nmethod 8733 0x00007f772c318b90 code [0x00007f772c3190a0, 0x00007f772c31b7f0]
Event: 2900.409 Thread 0x00007f77440b2ea0 8732       3       sun.nio.fs.UnixFileSystemProvider::getPath (9 bytes)
Event: 2900.409 Thread 0x00007f77440b2ea0 nmethod 8732 0x00007f772c0ffe10 code [0x00007f772c0fffc0, 0x00007f772c100100]
Event: 2900.410 Thread 0x00007f77440b2ea0 8734       3       java.io.File::<init> (196 bytes)
Event: 2900.410 Thread 0x00007f77440b2ea0 nmethod 8734 0x00007f772c0bec10 code [0x00007f772c0bef20, 0x00007f772c0bfed0]
Event: 2900.410 Thread 0x00007f77440b2ea0 8735       3       java.io.UnixFileSystem::fromURIPath (33 bytes)
Event: 2900.411 Thread 0x00007f77440b2ea0 nmethod 8735 0x00007f772baec590 code [0x00007f772baec7a0, 0x00007f772baecdd0]
Event: 2902.716 Thread 0x00007f77440b2ea0 8737       3       jdk.internal.reflect.ClassFileAssembler::<init> (8 bytes)
Event: 2902.716 Thread 0x00007f77440b2ea0 nmethod 8737 0x00007f772c0e6310 code [0x00007f772c0e64e0, 0x00007f772c0e6970]
Event: 2902.717 Thread 0x00007f77440b2ea0 8738       3       jdk.internal.reflect.ClassFileAssembler::append (9 bytes)
Event: 2904.960 Thread 0x00007f77440b2ea0 nmethod 8738 0x00007f772c12d690 code [0x00007f772c12d8a0, 0x00007f772c12ddf0]
Event: 2909.329 Thread 0x00007f77440b2ea0 8739       3       com.google.gson.stream.JsonWriter::beginObject (12 bytes)
Event: 2911.522 Thread 0x00007f77440b2ea0 nmethod 8739 0x00007f772bc5e090 code [0x00007f772bc5e280, 0x00007f772bc5e7a0]
Event: 2911.522 Thread 0x00007f77440b2ea0 8740       3       com.google.gson.stream.JsonWriter::endObject (9 bytes)
Event: 2911.522 Thread 0x00007f77440b2ea0 nmethod 8740 0x00007f772c10a710 code [0x00007f772c10a8c0, 0x00007f772c10aa00]
Event: 2911.522 Thread 0x00007f77440b2ea0 8741       1       java.nio.charset.Charset::name (5 bytes)
Event: 2911.522 Thread 0x00007f77440b2ea0 nmethod 8741 0x00007f77331d7090 code [0x00007f77331d7220, 0x00007f77331d72f0]

GC Heap History (20 events):
Event: 2913.704 GC heap before
{Heap before GC invocations=1233 (full 1164):
 PSYoungGen      total 62464K, used 37059K [0x00000000f5580000, 0x00000000fdb80000, 0x0000000100000000)
  eden space 36352K, 100% used [0x00000000f5580000,0x00000000f7900000,0x00000000f7900000)
  from space 26112K, 2% used [0x00000000fa980000,0x00000000faa30d58,0x00000000fc300000)
  to   space 49664K, 0% used [0x00000000f7900000,0x00000000f7900000,0x00000000fa980000)
 ParOldGen       total 349696K, used 349678K [0x00000000e0000000, 0x00000000f5580000, 0x00000000f5580000)
  object space 349696K, 99% used [0x00000000e0000000,0x00000000f557b838,0x00000000f5580000)
 Metaspace       used 51397K, committed 52352K, reserved 1097728K
  class space    used 5013K, committed 5504K, reserved 1048576K
}
Event: 2915.963 GC heap after
{Heap after GC invocations=1233 (full 1164):
 PSYoungGen      total 62464K, used 37059K [0x00000000f5580000, 0x00000000fdb80000, 0x0000000100000000)
  eden space 36352K, 99% used [0x00000000f5580000,0x00000000f78fffe8,0x00000000f7900000)
  from space 26112K, 2% used [0x00000000fa980000,0x00000000faa30d58,0x00000000fc300000)
  to   space 49664K, 0% used [0x00000000f7900000,0x00000000f7900000,0x00000000fa980000)
 ParOldGen       total 349696K, used 349674K [0x00000000e0000000, 0x00000000f5580000, 0x00000000f5580000)
  object space 349696K, 99% used [0x00000000e0000000,0x00000000f557aa60,0x00000000f5580000)
 Metaspace       used 51397K, committed 52352K, reserved 1097728K
  class space    used 5013K, committed 5504K, reserved 1048576K
}
Event: 2915.964 GC heap before
{Heap before GC invocations=1234 (full 1165):
 PSYoungGen      total 62464K, used 37059K [0x00000000f5580000, 0x00000000fdb80000, 0x0000000100000000)
  eden space 36352K, 100% used [0x00000000f5580000,0x00000000f7900000,0x00000000f7900000)
  from space 26112K, 2% used [0x00000000fa980000,0x00000000faa30d58,0x00000000fc300000)
  to   space 49664K, 0% used [0x00000000f7900000,0x00000000f7900000,0x00000000fa980000)
 ParOldGen       total 349696K, used 349685K [0x00000000e0000000, 0x00000000f5580000, 0x00000000f5580000)
  object space 349696K, 99% used [0x00000000e0000000,0x00000000f557d4e8,0x00000000f5580000)
 Metaspace       used 51397K, committed 52352K, reserved 1097728K
  class space    used 5013K, committed 5504K, reserved 1048576K
}
Event: 2918.278 GC heap after
{Heap after GC invocations=1234 (full 1165):
 PSYoungGen      total 62464K, used 37059K [0x00000000f5580000, 0x00000000fdb80000, 0x0000000100000000)
  eden space 36352K, 99% used [0x00000000f5580000,0x00000000f78fffe8,0x00000000f7900000)
  from space 26112K, 2% used [0x00000000fa980000,0x00000000faa30d58,0x00000000fc300000)
  to   space 49664K, 0% used [0x00000000f7900000,0x00000000f7900000,0x00000000fa980000)
 ParOldGen       total 349696K, used 349682K [0x00000000e0000000, 0x00000000f5580000, 0x00000000f5580000)
  object space 349696K, 99% used [0x00000000e0000000,0x00000000f557cab0,0x00000000f5580000)
 Metaspace       used 51397K, committed 52352K, reserved 1097728K
  class space    used 5013K, committed 5504K, reserved 1048576K
}
Event: 2918.278 GC heap before
{Heap before GC invocations=1235 (full 1166):
 PSYoungGen      total 62464K, used 37059K [0x00000000f5580000, 0x00000000fdb80000, 0x0000000100000000)
  eden space 36352K, 99% used [0x00000000f5580000,0x00000000f78fffe8,0x00000000f7900000)
  from space 26112K, 2% used [0x00000000fa980000,0x00000000faa30d58,0x00000000fc300000)
  to   space 49664K, 0% used [0x00000000f7900000,0x00000000f7900000,0x00000000fa980000)
 ParOldGen       total 349696K, used 349682K [0x00000000e0000000, 0x00000000f5580000, 0x00000000f5580000)
  object space 349696K, 99% used [0x00000000e0000000,0x00000000f557cab0,0x00000000f5580000)
 Metaspace       used 51397K, committed 52352K, reserved 1097728K
  class space    used 5013K, committed 5504K, reserved 1048576K
}
Event: 2920.415 GC heap after
{Heap after GC invocations=1235 (full 1166):
 PSYoungGen      total 62464K, used 37059K [0x00000000f5580000, 0x00000000fdb80000, 0x0000000100000000)
  eden space 36352K, 99% used [0x00000000f5580000,0x00000000f78ffeb0,0x00000000f7900000)
  from space 26112K, 2% used [0x00000000fa980000,0x00000000faa30d58,0x00000000fc300000)
  to   space 49664K, 0% used [0x00000000f7900000,0x00000000f7900000,0x00000000fa980000)
 ParOldGen       total 349696K, used 349676K [0x00000000e0000000, 0x00000000f5580000, 0x00000000f5580000)
  object space 349696K, 99% used [0x00000000e0000000,0x00000000f557b3b0,0x00000000f5580000)
 Metaspace       used 51397K, committed 52352K, reserved 1097728K
  class space    used 5013K, committed 5504K, reserved 1048576K
}
Event: 2920.415 GC heap before
{Heap before GC invocations=1236 (full 1167):
 PSYoungGen      total 62464K, used 37059K [0x00000000f5580000, 0x00000000fdb80000, 0x0000000100000000)
  eden space 36352K, 100% used [0x00000000f5580000,0x00000000f7900000,0x00000000f7900000)
  from space 26112K, 2% used [0x00000000fa980000,0x00000000faa30d58,0x00000000fc300000)
  to   space 49664K, 0% used [0x00000000f7900000,0x00000000f7900000,0x00000000fa980000)
 ParOldGen       total 349696K, used 349693K [0x00000000e0000000, 0x00000000f5580000, 0x00000000f5580000)
  object space 349696K, 99% used [0x00000000e0000000,0x00000000f557f4b0,0x00000000f5580000)
 Metaspace       used 51397K, committed 52352K, reserved 1097728K
  class space    used 5013K, committed 5504K, reserved 1048576K
}
Event: 2922.561 GC heap after
{Heap after GC invocations=1236 (full 1167):
 PSYoungGen      total 62464K, used 37059K [0x00000000f5580000, 0x00000000fdb80000, 0x0000000100000000)
  eden space 36352K, 99% used [0x00000000f5580000,0x00000000f78fffa0,0x00000000f7900000)
  from space 26112K, 2% used [0x00000000fa980000,0x00000000faa30d58,0x00000000fc300000)
  to   space 49664K, 0% used [0x00000000f7900000,0x00000000f7900000,0x00000000fa980000)
 ParOldGen       total 349696K, used 349693K [0x00000000e0000000, 0x00000000f5580000, 0x00000000f5580000)
  object space 349696K, 99% used [0x00000000e0000000,0x00000000f557f4b0,0x00000000f5580000)
 Metaspace       used 51397K, committed 52352K, reserved 1097728K
  class space    used 5013K, committed 5504K, reserved 1048576K
}
Event: 2922.561 GC heap before
{Heap before GC invocations=1237 (full 1168):
 PSYoungGen      total 62464K, used 37059K [0x00000000f5580000, 0x00000000fdb80000, 0x0000000100000000)
  eden space 36352K, 99% used [0x00000000f5580000,0x00000000f78ffff8,0x00000000f7900000)
  from space 26112K, 2% used [0x00000000fa980000,0x00000000faa30d58,0x00000000fc300000)
  to   space 49664K, 0% used [0x00000000f7900000,0x00000000f7900000,0x00000000fa980000)
 ParOldGen       total 349696K, used 349693K [0x00000000e0000000, 0x00000000f5580000, 0x00000000f5580000)
  object space 349696K, 99% used [0x00000000e0000000,0x00000000f557f4b0,0x00000000f5580000)
 Metaspace       used 51397K, committed 52352K, reserved 1097728K
  class space    used 5013K, committed 5504K, reserved 1048576K
}
Event: 2924.567 GC heap after
{Heap after GC invocations=1237 (full 1168):
 PSYoungGen      total 62464K, used 37059K [0x00000000f5580000, 0x00000000fdb80000, 0x0000000100000000)
  eden space 36352K, 99% used [0x00000000f5580000,0x00000000f78ffff8,0x00000000f7900000)
  from space 26112K, 2% used [0x00000000fa980000,0x00000000faa30d58,0x00000000fc300000)
  to   space 49664K, 0% used [0x00000000f7900000,0x00000000f7900000,0x00000000fa980000)
 ParOldGen       total 349696K, used 349693K [0x00000000e0000000, 0x00000000f5580000, 0x00000000f5580000)
  object space 349696K, 99% used [0x00000000e0000000,0x00000000f557f4b0,0x00000000f5580000)
 Metaspace       used 51397K, committed 52352K, reserved 1097728K
  class space    used 5013K, committed 5504K, reserved 1048576K
}
Event: 2924.567 GC heap before
{Heap before GC invocations=1238 (full 1169):
 PSYoungGen      total 62464K, used 37059K [0x00000000f5580000, 0x00000000fdb80000, 0x0000000100000000)
  eden space 36352K, 99% used [0x00000000f5580000,0x00000000f78ffff8,0x00000000f7900000)
  from space 26112K, 2% used [0x00000000fa980000,0x00000000faa30d58,0x00000000fc300000)
  to   space 49664K, 0% used [0x00000000f7900000,0x00000000f7900000,0x00000000fa980000)
 ParOldGen       total 349696K, used 349695K [0x00000000e0000000, 0x00000000f5580000, 0x00000000f5580000)
  object space 349696K, 99% used [0x00000000e0000000,0x00000000f557fff8,0x00000000f5580000)
 Metaspace       used 51397K, committed 52352K, reserved 1097728K
  class space    used 5013K, committed 5504K, reserved 1048576K
}
Event: 2926.584 GC heap after
{Heap after GC invocations=1238 (full 1169):
 PSYoungGen      total 62464K, used 37059K [0x00000000f5580000, 0x00000000fdb80000, 0x0000000100000000)
  eden space 36352K, 99% used [0x00000000f5580000,0x00000000f78ffff8,0x00000000f7900000)
  from space 26112K, 2% used [0x00000000fa980000,0x00000000faa30d58,0x00000000fc300000)
  to   space 49664K, 0% used [0x00000000f7900000,0x00000000f7900000,0x00000000fa980000)
 ParOldGen       total 349696K, used 349695K [0x00000000e0000000, 0x00000000f5580000, 0x00000000f5580000)
  object space 349696K, 99% used [0x00000000e0000000,0x00000000f557fef0,0x00000000f5580000)
 Metaspace       used 51397K, committed 52352K, reserved 1097728K
  class space    used 5013K, committed 5504K, reserved 1048576K
}
Event: 2926.584 GC heap before
{Heap before GC invocations=1239 (full 1170):
 PSYoungGen      total 62464K, used 37059K [0x00000000f5580000, 0x00000000fdb80000, 0x0000000100000000)
  eden space 36352K, 99% used [0x00000000f5580000,0x00000000f78ffff8,0x00000000f7900000)
  from space 26112K, 2% used [0x00000000fa980000,0x00000000faa30d58,0x00000000fc300000)
  to   space 49664K, 0% used [0x00000000f7900000,0x00000000f7900000,0x00000000fa980000)
 ParOldGen       total 349696K, used 349695K [0x00000000e0000000, 0x00000000f5580000, 0x00000000f5580000)
  object space 349696K, 99% used [0x00000000e0000000,0x00000000f557ff28,0x00000000f5580000)
 Metaspace       used 51397K, committed 52352K, reserved 1097728K
  class space    used 5013K, committed 5504K, reserved 1048576K
}
Event: 2928.669 GC heap after
{Heap after GC invocations=1239 (full 1170):
 PSYoungGen      total 62464K, used 37059K [0x00000000f5580000, 0x00000000fdb80000, 0x0000000100000000)
  eden space 36352K, 99% used [0x00000000f5580000,0x00000000f78ffff8,0x00000000f7900000)
  from space 26112K, 2% used [0x00000000fa980000,0x00000000faa30d58,0x00000000fc300000)
  to   space 49664K, 0% used [0x00000000f7900000,0x00000000f7900000,0x00000000fa980000)
 ParOldGen       total 349696K, used 349695K [0x00000000e0000000, 0x00000000f5580000, 0x00000000f5580000)
  object space 349696K, 99% used [0x00000000e0000000,0x00000000f557ff28,0x00000000f5580000)
 Metaspace       used 51397K, committed 52352K, reserved 1097728K
  class space    used 5013K, committed 5504K, reserved 1048576K
}
Event: 2928.669 GC heap before
{Heap before GC invocations=1240 (full 1171):
 PSYoungGen      total 62464K, used 37059K [0x00000000f5580000, 0x00000000fdb80000, 0x0000000100000000)
  eden space 36352K, 99% used [0x00000000f5580000,0x00000000f78ffff8,0x00000000f7900000)
  from space 26112K, 2% used [0x00000000fa980000,0x00000000faa30d58,0x00000000fc300000)
  to   space 49664K, 0% used [0x00000000f7900000,0x00000000f7900000,0x00000000fa980000)
 ParOldGen       total 349696K, used 349695K [0x00000000e0000000, 0x00000000f5580000, 0x00000000f5580000)
  object space 349696K, 99% used [0x00000000e0000000,0x00000000f557fff8,0x00000000f5580000)
 Metaspace       used 51397K, committed 52352K, reserved 1097728K
  class space    used 5013K, committed 5504K, reserved 1048576K
}
Event: 2930.723 GC heap after
{Heap after GC invocations=1240 (full 1171):
 PSYoungGen      total 62464K, used 37059K [0x00000000f5580000, 0x00000000fdb80000, 0x0000000100000000)
  eden space 36352K, 99% used [0x00000000f5580000,0x00000000f78ffff8,0x00000000f7900000)
  from space 26112K, 2% used [0x00000000fa980000,0x00000000faa30d58,0x00000000fc300000)
  to   space 49664K, 0% used [0x00000000f7900000,0x00000000f7900000,0x00000000fa980000)
 ParOldGen       total 349696K, used 349695K [0x00000000e0000000, 0x00000000f5580000, 0x00000000f5580000)
  object space 349696K, 99% used [0x00000000e0000000,0x00000000f557ff48,0x00000000f5580000)
 Metaspace       used 51397K, committed 52352K, reserved 1097728K
  class space    used 5013K, committed 5504K, reserved 1048576K
}
Event: 2930.758 GC heap before
{Heap before GC invocations=1241 (full 1172):
 PSYoungGen      total 62464K, used 37059K [0x00000000f5580000, 0x00000000fdb80000, 0x0000000100000000)
  eden space 36352K, 99% used [0x00000000f5580000,0x00000000f78ffff8,0x00000000f7900000)
  from space 26112K, 2% used [0x00000000fa980000,0x00000000faa30d58,0x00000000fc300000)
  to   space 49664K, 0% used [0x00000000f7900000,0x00000000f7900000,0x00000000fa980000)
 ParOldGen       total 349696K, used 349695K [0x00000000e0000000, 0x00000000f5580000, 0x00000000f5580000)
  object space 349696K, 99% used [0x00000000e0000000,0x00000000f557ff88,0x00000000f5580000)
 Metaspace       used 51397K, committed 52352K, reserved 1097728K
  class space    used 5013K, committed 5504K, reserved 1048576K
}
Event: 2932.722 GC heap after
{Heap after GC invocations=1241 (full 1172):
 PSYoungGen      total 62464K, used 37059K [0x00000000f5580000, 0x00000000fdb80000, 0x0000000100000000)
  eden space 36352K, 99% used [0x00000000f5580000,0x00000000f78ffff8,0x00000000f7900000)
  from space 26112K, 2% used [0x00000000fa980000,0x00000000faa30d58,0x00000000fc300000)
  to   space 49664K, 0% used [0x00000000f7900000,0x00000000f7900000,0x00000000fa980000)
 ParOldGen       total 349696K, used 349695K [0x00000000e0000000, 0x00000000f5580000, 0x00000000f5580000)
  object space 349696K, 99% used [0x00000000e0000000,0x00000000f557ff48,0x00000000f5580000)
 Metaspace       used 51397K, committed 52352K, reserved 1097728K
  class space    used 5013K, committed 5504K, reserved 1048576K
}
Event: 2932.722 GC heap before
{Heap before GC invocations=1242 (full 1173):
 PSYoungGen      total 62464K, used 37059K [0x00000000f5580000, 0x00000000fdb80000, 0x0000000100000000)
  eden space 36352K, 99% used [0x00000000f5580000,0x00000000f78ffff8,0x00000000f7900000)
  from space 26112K, 2% used [0x00000000fa980000,0x00000000faa30d58,0x00000000fc300000)
  to   space 49664K, 0% used [0x00000000f7900000,0x00000000f7900000,0x00000000fa980000)
 ParOldGen       total 349696K, used 349695K [0x00000000e0000000, 0x00000000f5580000, 0x00000000f5580000)
  object space 349696K, 99% used [0x00000000e0000000,0x00000000f557ff48,0x00000000f5580000)
 Metaspace       used 51397K, committed 52352K, reserved 1097728K
  class space    used 5013K, committed 5504K, reserved 1048576K
}
Event: 2934.818 GC heap after
{Heap after GC invocations=1242 (full 1173):
 PSYoungGen      total 62464K, used 37059K [0x00000000f5580000, 0x00000000fdb80000, 0x0000000100000000)
  eden space 36352K, 99% used [0x00000000f5580000,0x00000000f78ffff8,0x00000000f7900000)
  from space 26112K, 2% used [0x00000000fa980000,0x00000000faa30d58,0x00000000fc300000)
  to   space 49664K, 0% used [0x00000000f7900000,0x00000000f7900000,0x00000000fa980000)
 ParOldGen       total 349696K, used 349695K [0x00000000e0000000, 0x00000000f5580000, 0x00000000f5580000)
  object space 349696K, 99% used [0x00000000e0000000,0x00000000f557ff48,0x00000000f5580000)
 Metaspace       used 51397K, committed 52352K, reserved 1097728K
  class space    used 5013K, committed 5504K, reserved 1048576K
}

Dll operation events (8 events):
Event: 0.007 Loaded shared library /nix/store/gpxl5qgg8kicmcvivwmybwjlpf7wh20l-graalvm17-ce-22.3.0/lib/libjava.so
Event: 0.033 Loaded shared library /nix/store/gpxl5qgg8kicmcvivwmybwjlpf7wh20l-graalvm17-ce-22.3.0/lib/libjsvml.so
Event: 1.118 Loaded shared library /nix/store/gpxl5qgg8kicmcvivwmybwjlpf7wh20l-graalvm17-ce-22.3.0/lib/libnio.so
Event: 1.207 Loaded shared library /nix/store/gpxl5qgg8kicmcvivwmybwjlpf7wh20l-graalvm17-ce-22.3.0/lib/libzip.so
Event: 1.259 Loaded shared library /nix/store/gpxl5qgg8kicmcvivwmybwjlpf7wh20l-graalvm17-ce-22.3.0/lib/libjvmcicompiler.so
Event: 3.132 Loaded shared library /nix/store/gpxl5qgg8kicmcvivwmybwjlpf7wh20l-graalvm17-ce-22.3.0/lib/libjimage.so
Event: 7.907 Loaded shared library /nix/store/gpxl5qgg8kicmcvivwmybwjlpf7wh20l-graalvm17-ce-22.3.0/lib/libnet.so
Event: 11.502 Loaded shared library /home/runner/ProyectoFinal/.cache/jdt-language-server/config/org.eclipse.equinox.launcher/org.eclipse.equinox.launcher.gtk.linux.x86_64_1.2.400.v20211117-0650/eclipse_11600.so

Deoptimization events (20 events):
Event: 173.804 Thread 0x00007f76dc63afa0 DEOPT PACKING pc=0x00007f772c19b4dd sp=0x00007f76f29fe530
Event: 173.804 Thread 0x00007f76dc63afa0 DEOPT UNPACKING pc=0x00007f772b505325 sp=0x00007f76f29fda20 mode 0
Event: 173.811 Thread 0x00007f76dc63afa0 DEOPT PACKING pc=0x00007f772c19b4dd sp=0x00007f76f29fe530
Event: 173.811 Thread 0x00007f76dc63afa0 DEOPT UNPACKING pc=0x00007f772b505325 sp=0x00007f76f29fda20 mode 0
Event: 173.824 Thread 0x00007f76dc63afa0 DEOPT PACKING pc=0x00007f772ba6d51b sp=0x00007f76f29fe490
Event: 173.824 Thread 0x00007f76dc63afa0 DEOPT UNPACKING pc=0x00007f772b505325 sp=0x00007f76f29fd948 mode 0
Event: 174.032 Thread 0x00007f76dc63afa0 DEOPT PACKING pc=0x00007f772c19b4dd sp=0x00007f76f29fe530
Event: 174.032 Thread 0x00007f76dc63afa0 DEOPT UNPACKING pc=0x00007f772b505325 sp=0x00007f76f29fda20 mode 0
Event: 174.036 Thread 0x00007f76dc63afa0 DEOPT PACKING pc=0x00007f772c19b4dd sp=0x00007f76f29fe530
Event: 174.036 Thread 0x00007f76dc63afa0 DEOPT UNPACKING pc=0x00007f772b505325 sp=0x00007f76f29fda20 mode 0
Event: 174.038 Thread 0x00007f76dc63afa0 DEOPT PACKING pc=0x00007f772c19b4dd sp=0x00007f76f29fe530
Event: 174.038 Thread 0x00007f76dc63afa0 DEOPT UNPACKING pc=0x00007f772b505325 sp=0x00007f76f29fda20 mode 0
Event: 174.040 Thread 0x00007f76dc63afa0 DEOPT PACKING pc=0x00007f772c19b4dd sp=0x00007f76f29fe530
Event: 174.040 Thread 0x00007f76dc63afa0 DEOPT UNPACKING pc=0x00007f772b505325 sp=0x00007f76f29fda20 mode 0
Event: 174.042 Thread 0x00007f76dc63afa0 DEOPT PACKING pc=0x00007f772c19b4dd sp=0x00007f76f29fe530
Event: 174.042 Thread 0x00007f76dc63afa0 DEOPT UNPACKING pc=0x00007f772b505325 sp=0x00007f76f29fda20 mode 0
Event: 301.481 Thread 0x00007f76bc115100 DEOPT PACKING pc=0x00007f772c4eccc8 sp=0x00007f76f21fdce0
Event: 301.481 Thread 0x00007f76bc115100 DEOPT UNPACKING pc=0x00007f772b505325 sp=0x00007f76f21fd218 mode 0
Event: 365.912 Thread 0x00007f77440b1990 DEOPT PACKING pc=0x00007f772c052c0c sp=0x00007f7748245ec0
Event: 365.912 Thread 0x00007f77440b1990 DEOPT UNPACKING pc=0x00007f772b505325 sp=0x00007f7748245438 mode 0

Classes unloaded (20 events):
Event: 265.064 Thread 0x00007f77440a13c0 Unloading class 0x0000000801074c00 'jdk/internal/reflect/GeneratedSerializationConstructorAccessor18'
Event: 265.064 Thread 0x00007f77440a13c0 Unloading class 0x0000000801074800 'jdk/internal/reflect/GeneratedSerializationConstructorAccessor17'
Event: 265.064 Thread 0x00007f77440a13c0 Unloading class 0x0000000801074400 'jdk/internal/reflect/GeneratedSerializationConstructorAccessor16'
Event: 265.064 Thread 0x00007f77440a13c0 Unloading class 0x0000000801074000 'jdk/internal/reflect/GeneratedSerializationConstructorAccessor15'
Event: 265.064 Thread 0x00007f77440a13c0 Unloading class 0x000000080106d000 'jdk/internal/reflect/GeneratedSerializationConstructorAccessor14'
Event: 265.064 Thread 0x00007f77440a13c0 Unloading class 0x000000080106cc00 'jdk/internal/reflect/GeneratedSerializationConstructorAccessor13'
Event: 265.064 Thread 0x00007f77440a13c0 Unloading class 0x000000080106c800 'jdk/internal/reflect/GeneratedSerializationConstructorAccessor12'
Event: 265.064 Thread 0x00007f77440a13c0 Unloading class 0x000000080106c400 'jdk/internal/reflect/GeneratedMethodAccessor12'
Event: 265.064 Thread 0x00007f77440a13c0 Unloading class 0x000000080106c000 'jdk/internal/reflect/GeneratedMethodAccessor11'
Event: 265.064 Thread 0x00007f77440a13c0 Unloading class 0x000000080106bc00 'jdk/internal/reflect/GeneratedSerializationConstructorAccessor11'
Event: 265.064 Thread 0x00007f77440a13c0 Unloading class 0x000000080106b800 'jdk/internal/reflect/GeneratedSerializationConstructorAccessor10'
Event: 265.064 Thread 0x00007f77440a13c0 Unloading class 0x000000080106b400 'jdk/internal/reflect/GeneratedSerializationConstructorAccessor9'
Event: 265.064 Thread 0x00007f77440a13c0 Unloading class 0x000000080106b000 'jdk/internal/reflect/GeneratedSerializationConstructorAccessor8'
Event: 265.064 Thread 0x00007f77440a13c0 Unloading class 0x0000000800ff8400 'jdk/internal/reflect/GeneratedSerializationConstructorAccessor2'
Event: 265.064 Thread 0x00007f77440a13c0 Unloading class 0x0000000800ff8000 'jdk/internal/reflect/GeneratedSerializationConstructorAccessor1'
Event: 278.928 Thread 0x00007f77440a13c0 Unloading class 0x000000080104cc00 'jdk/internal/reflect/GeneratedMethodAccessor10'
Event: 278.928 Thread 0x00007f77440a13c0 Unloading class 0x000000080104c800 'jdk/internal/reflect/GeneratedMethodAccessor9'
Event: 278.928 Thread 0x00007f77440a13c0 Unloading class 0x000000080104c000 'jdk/internal/reflect/GeneratedMethodAccessor7'
Event: 281.564 Thread 0x00007f77440a13c0 Unloading class 0x000000080104c400 'jdk/internal/reflect/GeneratedMethodAccessor8'
Event: 307.020 Thread 0x00007f77440a13c0 Unloading class 0x0000000801028000 'jdk/internal/reflect/GeneratedConstructorAccessor23'

Classes redefined (0 events):
No events

Internal exceptions (20 events):
Event: 131.504 Thread 0x00007f76b0000ff0 Exception <a 'java/lang/NoSuchMethodError'{0x00000000f5ac5ec0}: 'java.lang.Object java.lang.invoke.DirectMethodHandle$Holder.invokeSpecial(java.lang.Object, java.lang.Object, java.lang.Object, java.lang.Object, int, java.lang.Object)'> (0x00000000f5ac5ec0) 
thrown [src/hotspot/share/interpreter/linkResolver.cpp, line 758]
Event: 131.560 Thread 0x00007f76b0000ff0 Exception <a 'java/lang/NoSuchMethodError'{0x00000000f5b14b38}: 'java.lang.Object java.lang.invoke.Invokers$Holder.linkToTargetMethod(java.lang.Object, java.lang.Object, int, java.lang.Object, java.lang.Object)'> (0x00000000f5b14b38) 
thrown [src/hotspot/share/interpreter/linkResolver.cpp, line 758]
Event: 138.436 Thread 0x00007f76bc115100 Implicit null exception at 0x00007f773312bca2 to 0x00007f773312c032
Event: 139.069 Thread 0x00007f76b0000ff0 Exception <a 'java/lang/NoSuchMethodError'{0x00000000f5d47628}: 'int java.lang.invoke.DirectMethodHandle$Holder.invokeVirtual(java.lang.Object, java.lang.Object)'> (0x00000000f5d47628) 
thrown [src/hotspot/share/interpreter/linkResolver.cpp, line 758]
Event: 139.163 Thread 0x00007f76b0000ff0 Implicit null exception at 0x00007f7733082369 to 0x00007f773308251b
Event: 139.811 Thread 0x00007f76b03c7950 Exception <a 'java/lang/NoSuchMethodError'{0x00000000f60b8dc8}: 'java.lang.Object java.lang.invoke.DirectMethodHandle$Holder.invokeStatic(java.lang.Object, java.lang.Object, int, java.lang.Object)'> (0x00000000f60b8dc8) 
thrown [src/hotspot/share/interpreter/linkResolver.cpp, line 758]
Event: 139.815 Thread 0x00007f76b03c7950 Exception <a 'java/lang/NoSuchMethodError'{0x00000000f60c2050}: 'java.lang.Object java.lang.invoke.DirectMethodHandle$Holder.newInvokeSpecial(java.lang.Object, java.lang.Object, int)'> (0x00000000f60c2050) 
thrown [src/hotspot/share/interpreter/linkResolver.cpp, line 758]
Event: 141.198 Thread 0x00007f76b0000ff0 Exception <a 'sun/nio/fs/UnixException'{0x00000000f5729fd0}> (0x00000000f5729fd0) 
thrown [src/hotspot/share/prims/jni.cpp, line 516]
Event: 141.361 Thread 0x00007f76b0000ff0 Exception <a 'sun/nio/fs/UnixException'{0x00000000f573be10}> (0x00000000f573be10) 
thrown [src/hotspot/share/prims/jni.cpp, line 516]
Event: 141.480 Thread 0x00007f76b0000ff0 Exception <a 'sun/nio/fs/UnixException'{0x00000000f6433c38}> (0x00000000f6433c38) 
thrown [src/hotspot/share/prims/jni.cpp, line 516]
Event: 141.867 Thread 0x00007f76b0000ff0 Exception <a 'sun/nio/fs/UnixException'{0x00000000f6437470}> (0x00000000f6437470) 
thrown [src/hotspot/share/prims/jni.cpp, line 516]
Event: 141.974 Thread 0x00007f76b0000ff0 Exception <a 'java/io/FileNotFoundException'{0x00000000f643c3f8}> (0x00000000f643c3f8) 
thrown [src/hotspot/share/prims/jni.cpp, line 516]
Event: 142.286 Thread 0x00007f76b0000ff0 Exception <a 'java/lang/NoSuchMethodError'{0x00000000f5b2dde8}: 'java.lang.Object java.lang.invoke.DirectMethodHandle$Holder.invokeStatic(java.lang.Object, java.lang.Object, java.lang.Object, long)'> (0x00000000f5b2dde8) 
thrown [src/hotspot/share/interpreter/linkResolver.cpp, line 758]
Event: 142.299 Thread 0x00007f76b0000ff0 Exception <a 'java/lang/NoSuchMethodError'{0x00000000f5b354e0}: 'java.lang.Object java.lang.invoke.DirectMethodHandle$Holder.newInvokeSpecial(java.lang.Object, java.lang.Object, java.lang.Object, long)'> (0x00000000f5b354e0) 
thrown [src/hotspot/share/interpreter/linkResolver.cpp, line 758]
Event: 142.309 Thread 0x00007f76b0000ff0 Exception <a 'java/lang/NoSuchMethodError'{0x00000000f5b395f8}: 'java.lang.Object java.lang.invoke.DirectMethodHandle$Holder.invokeSpecial(java.lang.Object, java.lang.Object, java.lang.Object, java.lang.Object, long)'> (0x00000000f5b395f8) 
thrown [src/hotspot/share/interpreter/linkResolver.cpp, line 758]
Event: 142.310 Thread 0x00007f76b0000ff0 Exception <a 'java/lang/NoSuchMethodError'{0x00000000f5cce488}: 'java.lang.Object java.lang.invoke.Invokers$Holder.linkToTargetMethod(java.lang.Object, java.lang.Object, long, java.lang.Object)'> (0x00000000f5cce488) 
thrown [src/hotspot/share/interpreter/linkResolver.cpp, line 758]
Event: 142.430 Thread 0x00007f76b0000ff0 Exception <a 'java/lang/NoSuchMethodError'{0x00000000f5df7310}: 'java.lang.Object java.lang.invoke.DirectMethodHandle$Holder.newInvokeSpecial(java.lang.Object, java.lang.Object, int, java.lang.Object, java.lang.Object)'> (0x00000000f5df7310) 
thrown [src/hotspot/share/interpreter/linkResolver.cpp, line 758]
Event: 142.473 Thread 0x00007f76b0000ff0 Exception <a 'java/lang/NoSuchMethodError'{0x00000000f5eabb88}: 'java.lang.Object java.lang.invoke.DirectMethodHandle$Holder.invokeSpecial(java.lang.Object, java.lang.Object, java.lang.Object, int, java.lang.Object, java.lang.Object)'> (0x00000000f5eabb88) 
thrown [src/hotspot/share/interpreter/linkResolver.cpp, line 758]
Event: 2116.460 Thread 0x00007f76bc1165c0 Exception <a 'java/lang/OutOfMemoryError'{0x00000000e00c6c38}> (0x00000000e00c6c38) 
thrown [src/hotspot/share/gc/shared/memAllocator.cpp, line 136]
Event: 2934.819 Thread 0x00007f77440b1990 Exception <a 'java/lang/OutOfMemoryError'{0x00000000e00c6f08}> (0x00000000e00c6f08) 
thrown [src/hotspot/share/gc/shared/memAllocator.cpp, line 136]

VM Operations (20 events):
Event: 2909.330 Executing VM operation: ParallelGCFailedAllocation
Event: 2911.522 Executing VM operation: ParallelGCFailedAllocation done
Event: 2911.522 Executing VM operation: ParallelGCFailedAllocation
Event: 2913.702 Executing VM operation: ParallelGCFailedAllocation done
Event: 2913.703 Executing VM operation: ParallelGCFailedAllocation
Event: 2915.963 Executing VM operation: ParallelGCFailedAllocation done
Event: 2915.964 Executing VM operation: ParallelGCFailedAllocation
Event: 2920.415 Executing VM operation: ParallelGCFailedAllocation done
Event: 2920.415 Executing VM operation: ParallelGCFailedAllocation
Event: 2922.561 Executing VM operation: ParallelGCFailedAllocation done
Event: 2922.561 Executing VM operation: ParallelGCFailedAllocation
Event: 2924.567 Executing VM operation: ParallelGCFailedAllocation done
Event: 2924.567 Executing VM operation: ParallelGCFailedAllocation
Event: 2926.584 Executing VM operation: ParallelGCFailedAllocation done
Event: 2926.584 Executing VM operation: ParallelGCFailedAllocation
Event: 2928.669 Executing VM operation: ParallelGCFailedAllocation done
Event: 2928.669 Executing VM operation: ParallelGCFailedAllocation
Event: 2930.723 Executing VM operation: ParallelGCFailedAllocation done
Event: 2930.758 Executing VM operation: ParallelGCFailedAllocation
Event: 2934.819 Executing VM operation: ParallelGCFailedAllocation done

Events (20 events):
Event: 2417.767 loading class sun/util/logging/PlatformLogger$Level done
Event: 2417.767 loading class jdk/internal/logger/SimpleConsoleLogger$Formatting
Event: 2442.614 Thread 0x00007f76bc0c2e40 Thread added: 0x00007f76bc0c2e40
Event: 2442.614 Protecting memory [0x00007f76f2a00000,0x00007f76f2a04000] with protection modes 0
Event: 2446.872 loading class jdk/internal/logger/SimpleConsoleLogger$Formatting done
Event: 2475.269 loading class java/util/logging/ErrorManager
Event: 2485.207 loading class java/util/logging/ErrorManager done
Event: 2510.683 Thread 0x00007f76bc0bf780 Thread exited: 0x00007f76bc0bf780
Event: 2549.175 loading class java/util/logging/Handler$1
Event: 2549.175 loading class java/util/logging/Handler$1 done
Event: 2549.175 loading class java/util/logging/StreamHandler$1
Event: 2549.175 loading class java/util/logging/StreamHandler$1 done
Event: 2553.385 loading class java/util/logging/LogManager$CloseOnReset
Event: 2553.385 loading class java/util/logging/LogManager$CloseOnReset done
Event: 2657.564 loading class java/time/ZonedDateTime
Event: 2657.565 loading class java/time/chrono/ChronoZonedDateTime
Event: 2768.870 loading class java/time/chrono/ChronoZonedDateTime done
Event: 2847.422 loading class java/time/ZonedDateTime done
Event: 2904.961 Thread 0x00007f76bc0bf780 Thread added: 0x00007f76bc0bf780
Event: 2904.961 Protecting memory [0x00007f76f2400000,0x00007f76f2404000] with protection modes 0


Dynamic libraries:
e0000000-f1680000 rw-p 00000000 00:00 0 
f1680000-fdb80000 rw-p 00000000 00:00 0 
fdb80000-100000000 ---p 00000000 00:00 0 
800000000-800449000 rw-p 00001000 08:30 707969865                        /nix/store/gpxl5qgg8kicmcvivwmybwjlpf7wh20l-graalvm17-ce-22.3.0/lib/server/classes.jsa
800449000-800bc8000 r--p 0044a000 08:30 707969865                        /nix/store/gpxl5qgg8kicmcvivwmybwjlpf7wh20l-graalvm17-ce-22.3.0/lib/server/classes.jsa
800bc8000-800c00000 ---p 00000000 00:00 0 
800c00000-800c10000 rw-p 00000000 00:00 0 
800c10000-800c30000 rw-p 00000000 00:00 0 
800c30000-800cb0000 rw-p 00000000 00:00 0 
800cb0000-800cf0000 rw-p 00000000 00:00 0 
800cf0000-800db0000 rw-p 00000000 00:00 0 
800db0000-800df0000 rw-p 00000000 00:00 0 
800df0000-801130000 rw-p 00000000 00:00 0 
801130000-801150000 rw-p 00000000 00:00 0 
801150000-801180000 ---p 00000000 00:00 0 
801180000-801190000 rw-p 00000000 00:00 0 
801190000-840c00000 ---p 00000000 00:00 0 
60b2ae284000-60b2ae285000 r-xp 00000000 08:30 672029940                  /nix/store/gpxl5qgg8kicmcvivwmybwjlpf7wh20l-graalvm17-ce-22.3.0/bin/.java-wrapped
60b2ae286000-60b2ae287000 r--p 00001000 08:30 672029940                  /nix/store/gpxl5qgg8kicmcvivwmybwjlpf7wh20l-graalvm17-ce-22.3.0/bin/.java-wrapped
60b2ae287000-60b2ae288000 rw-p 00002000 08:30 672029940                  /nix/store/gpxl5qgg8kicmcvivwmybwjlpf7wh20l-graalvm17-ce-22.3.0/bin/.java-wrapped
60b2ae288000-60b2ae289000 rw-p 00004000 08:30 672029940                  /nix/store/gpxl5qgg8kicmcvivwmybwjlpf7wh20l-graalvm17-ce-22.3.0/bin/.java-wrapped
60b2ae289000-60b2ae28a000 rw-p 00005000 08:30 672029940                  /nix/store/gpxl5qgg8kicmcvivwmybwjlpf7wh20l-graalvm17-ce-22.3.0/bin/.java-wrapped
60b2afd3f000-60b2afd87000 rw-p 00000000 00:00 0                          [heap]
7f7698000000-7f7698021000 rw-p 00000000 00:00 0 
7f7698021000-7f769c000000 ---p 00000000 00:00 0 
7f769e4b3000-7f76a8000000 r--s 00000000 08:30 707804677                  /nix/store/gpxl5qgg8kicmcvivwmybwjlpf7wh20l-graalvm17-ce-22.3.0/lib/modules
7f76a8000000-7f76a8021000 rw-p 00000000 00:00 0 
7f76a8021000-7f76ac000000 ---p 00000000 00:00 0 
7f76ac000000-7f76ac0ba000 rw-p 00000000 00:00 0 
7f76ac0ba000-7f76b0000000 ---p 00000000 00:00 0 
7f76b0000000-7f76b0405000 rw-p 00000000 00:00 0 
7f76b0405000-7f76b4000000 ---p 00000000 00:00 0 
7f76b4000000-7f76b4084000 rw-p 00000000 00:00 0 
7f76b4084000-7f76b8000000 ---p 00000000 00:00 0 
7f76b8000000-7f76b8021000 rw-p 00000000 00:00 0 
7f76b8021000-7f76bc000000 ---p 00000000 00:00 0 
7f76bc000000-7f76bc16f000 rw-p 00000000 00:00 0 
7f76bc16f000-7f76c0000000 ---p 00000000 00:00 0 
7f76c0000000-7f76c00b5000 rw-p 00000000 00:00 0 
7f76c00b5000-7f76c4000000 ---p 00000000 00:00 0 
7f76c4000000-7f76c403f000 rw-p 00000000 00:00 0 
7f76c403f000-7f76c8000000 ---p 00000000 00:00 0 
7f76c8000000-7f76c80d8000 rw-p 00000000 00:00 0 
7f76c80d8000-7f76cc000000 ---p 00000000 00:00 0 
7f76cc000000-7f76cc319000 rw-p 00000000 00:00 0 
7f76cc319000-7f76d0000000 ---p 00000000 00:00 0 
7f76d0000000-7f76d0021000 rw-p 00000000 00:00 0 
7f76d0021000-7f76d4000000 ---p 00000000 00:00 0 
7f76d4000000-7f76d4021000 rw-p 00000000 00:00 0 
7f76d4021000-7f76d8000000 ---p 00000000 00:00 0 
7f76d8000000-7f76d8021000 rw-p 00000000 00:00 0 
7f76d8021000-7f76dc000000 ---p 00000000 00:00 0 
7f76dc000000-7f76dc8c1000 rw-p 00000000 00:00 0 
7f76dc8c1000-7f76e0000000 ---p 00000000 00:00 0 
7f76e0400000-7f76e09c0000 rw-p 00000000 00:00 0 
7f76e09c0000-7f76e0c00000 ---p 00000000 00:00 0 
7f76e1c00000-7f76e2170000 rw-p 00000000 00:00 0 
7f76e2170000-7f76e21f0000 rw-p 00000000 00:00 0 
7f76e21f0000-7f76e23f0000 rw-p 00000000 00:00 0 
7f76e23f0000-7f76e2af0000 rw-p 00000000 00:00 0 
7f76e2af0000-7f76e2bf0000 rw-p 00000000 00:00 0 
7f76e2bf0000-7f76e2f70000 rw-p 00000000 00:00 0 
7f76e2f70000-7f76e2ff0000 rw-p 00000000 00:00 0 
7f76e2ff0000-7f76e33f0000 rw-p 00000000 00:00 0 
7f76e33f0000-7f76e34f0000 rw-p 00000000 00:00 0 
7f76e34f0000-7f76e35f0000 rw-p 00000000 00:00 0 
7f76e35f0000-7f76e3af0000 rw-p 00000000 00:00 0 
7f76e3af0000-7f76e3c00000 rw-p 00000000 00:00 0 
7f76e3c00000-7f76e3c10000 r-xp 00000000 00:2c5 310                       /home/runner/ProyectoFinal/.cache/jdt-language-server/config/org.eclipse.equinox.launcher/org.eclipse.equinox.launcher.gtk.linux.x86_64_1.2.400.v20211117-0650/eclipse_11600.so
7f76e3c10000-7f76e3e0f000 ---p 00010000 00:2c5 310                       /home/runner/ProyectoFinal/.cache/jdt-language-server/config/org.eclipse.equinox.launcher/org.eclipse.equinox.launcher.gtk.linux.x86_64_1.2.400.v20211117-0650/eclipse_11600.so
7f76e3e0f000-7f76e3e10000 r--p 0000f000 00:2c5 310                       /home/runner/ProyectoFinal/.cache/jdt-language-server/config/org.eclipse.equinox.launcher/org.eclipse.equinox.launcher.gtk.linux.x86_64_1.2.400.v20211117-0650/eclipse_11600.so
7f76e3e10000-7f76e3e11000 rw-p 00010000 00:2c5 310                       /home/runner/ProyectoFinal/.cache/jdt-language-server/config/org.eclipse.equinox.launcher/org.eclipse.equinox.launcher.gtk.linux.x86_64_1.2.400.v20211117-0650/eclipse_11600.so
7f76e4000000-7f76e4021000 rw-p 00000000 00:00 0 
7f76e4021000-7f76e8000000 ---p 00000000 00:00 0 
7f76e8000000-7f76e8021000 rw-p 00000000 00:00 0 
7f76e8021000-7f76ec000000 ---p 00000000 00:00 0 
7f76ec000000-7f76ec0a3000 rw-p 00000000 00:00 0 
7f76ec0a3000-7f76f0000000 ---p 00000000 00:00 0 
7f76f0900000-7f76f0a00000 ---p 00000000 00:00 0 
7f76f0a00000-7f76f0faf000 r--p 01122000 08:30 707802136                  /nix/store/gpxl5qgg8kicmcvivwmybwjlpf7wh20l-graalvm17-ce-22.3.0/lib/libjvmcicompiler.so
7f76f0faf000-7f76f1100000 r--p 00000000 00:00 0 
7f76f1100000-7f76f113d000 rw-p 00000000 00:00 0 
7f76f113d000-7f76f165d000 rw-p 0185f000 08:30 707802136                  /nix/store/gpxl5qgg8kicmcvivwmybwjlpf7wh20l-graalvm17-ce-22.3.0/lib/libjvmcicompiler.so
7f76f165d000-7f76f1a44000 r--p 01d7f000 08:30 707802136                  /nix/store/gpxl5qgg8kicmcvivwmybwjlpf7wh20l-graalvm17-ce-22.3.0/lib/libjvmcicompiler.so
7f76f1b00000-7f76f1b04000 ---p 00000000 00:00 0 
7f76f1b04000-7f76f1c00000 rw-p 00000000 00:00 0 
7f76f1d00000-7f76f1d04000 ---p 00000000 00:00 0 
7f76f1d04000-7f76f1e00000 rw-p 00000000 00:00 0 
7f76f1f00000-7f76f1f04000 ---p 00000000 00:00 0 
7f76f1f04000-7f76f2000000 rw-p 00000000 00:00 0 
7f76f2100000-7f76f2104000 ---p 00000000 00:00 0 
7f76f2104000-7f76f2200000 rw-p 00000000 00:00 0 
7f76f2300000-7f76f2304000 ---p 00000000 00:00 0 
7f76f2304000-7f76f2400000 rw-p 00000000 00:00 0 
7f76f2400000-7f76f2404000 ---p 00000000 00:00 0 
7f76f2404000-7f76f2500000 rw-p 00000000 00:00 0 
7f76f2500000-7f76f2504000 ---p 00000000 00:00 0 
7f76f2504000-7f76f2600000 rw-p 00000000 00:00 0 
7f76f2700000-7f76f2704000 ---p 00000000 00:00 0 
7f76f2704000-7f76f2800000 rw-p 00000000 00:00 0 
7f76f2900000-7f76f2904000 ---p 00000000 00:00 0 
7f76f2904000-7f76f2a00000 rw-p 00000000 00:00 0 
7f76f2a00000-7f76f2a04000 ---p 00000000 00:00 0 
7f76f2a04000-7f76f2b00000 rw-p 00000000 00:00 0 
7f76f2b00000-7f76f2b04000 ---p 00000000 00:00 0 
7f76f2b04000-7f76f2c00000 rw-p 00000000 00:00 0 
7f76f2d00000-7f76f2d04000 ---p 00000000 00:00 0 
7f76f2d04000-7f76f2e00000 rw-p 00000000 00:00 0 
7f76f3a68000-7f76f3f00000 rw-p 00000000 00:00 0 
7f76f4000000-7f76f4021000 rw-p 00000000 00:00 0 
7f76f4021000-7f76f8000000 ---p 00000000 00:00 0 
7f76f8000000-7f76f8021000 rw-p 00000000 00:00 0 
7f76f8021000-7f76fc000000 ---p 00000000 00:00 0 
7f76fc000000-7f76fc031000 rw-p 00000000 00:00 0 
7f76fc031000-7f7700000000 ---p 00000000 00:00 0 
7f7700000000-7f7700021000 rw-p 00000000 00:00 0 
7f7700021000-7f7704000000 ---p 00000000 00:00 0 
7f7704000000-7f77040d6000 rw-p 00000000 00:00 0 
7f77040d6000-7f7708000000 ---p 00000000 00:00 0 
7f7708000000-7f7708aa5000 rw-p 00000000 00:00 0 
7f7708aa5000-7f770c000000 ---p 00000000 00:00 0 
7f770c000000-7f770c021000 rw-p 00000000 00:00 0 
7f770c021000-7f7710000000 ---p 00000000 00:00 0 
7f7710000000-7f7710021000 rw-p 00000000 00:00 0 
7f7710021000-7f7714000000 ---p 00000000 00:00 0 
7f7714000000-7f7714021000 rw-p 00000000 00:00 0 
7f7714021000-7f7718000000 ---p 00000000 00:00 0 
7f7718000000-7f7718021000 rw-p 00000000 00:00 0 
7f7718021000-7f771c000000 ---p 00000000 00:00 0 
7f771c000000-7f771c021000 rw-p 00000000 00:00 0 
7f771c021000-7f7720000000 ---p 00000000 00:00 0 
7f7720000000-7f7720021000 rw-p 00000000 00:00 0 
7f7720021000-7f7724000000 ---p 00000000 00:00 0 
7f7724000000-7f7724085000 rw-p 00000000 00:00 0 
7f7724085000-7f7728000000 ---p 00000000 00:00 0 
7f7728100000-7f7728104000 ---p 00000000 00:00 0 
7f7728104000-7f7728200000 rw-p 00000000 00:00 0 
7f7728300000-7f7728304000 ---p 00000000 00:00 0 
7f7728304000-7f7728400000 rw-p 00000000 00:00 0 
7f7728500000-7f7728504000 ---p 00000000 00:00 0 
7f7728504000-7f7728600000 rw-p 00000000 00:00 0 
7f7728700000-7f7728704000 ---p 00000000 00:00 0 
7f7728704000-7f7728800000 rw-p 00000000 00:00 0 
7f7728900000-7f7728904000 ---p 00000000 00:00 0 
7f7728904000-7f7728a00000 rw-p 00000000 00:00 0 
7f7728a00000-7f772ab6a000 r-xp 00000000 08:30 707802136                  /nix/store/gpxl5qgg8kicmcvivwmybwjlpf7wh20l-graalvm17-ce-22.3.0/lib/libjvmcicompiler.so
7f772ab6a000-7f772ad69000 ---p 0216a000 08:30 707802136                  /nix/store/gpxl5qgg8kicmcvivwmybwjlpf7wh20l-graalvm17-ce-22.3.0/lib/libjvmcicompiler.so
7f772ad69000-7f772ad6a000 r--p 02169000 08:30 707802136                  /nix/store/gpxl5qgg8kicmcvivwmybwjlpf7wh20l-graalvm17-ce-22.3.0/lib/libjvmcicompiler.so
7f772ad6a000-7f772ad6c000 rw-p 0216a000 08:30 707802136                  /nix/store/gpxl5qgg8kicmcvivwmybwjlpf7wh20l-graalvm17-ce-22.3.0/lib/libjvmcicompiler.so
7f772ad6c000-7f772ad6d000 rw-p 00000000 00:00 0 
7f772ad6d000-7f772ad72000 rw-p 023c3000 08:30 707802136                  /nix/store/gpxl5qgg8kicmcvivwmybwjlpf7wh20l-graalvm17-ce-22.3.0/lib/libjvmcicompiler.so
7f772adb1000-7f772adb5000 ---p 00000000 00:00 0 
7f772adb5000-7f772aeb1000 rw-p 00000000 00:00 0 
7f772aeb1000-7f772aeb2000 ---p 00000000 00:00 0 
7f772aeb2000-7f772afb3000 rw-p 00000000 00:00 0 
7f772afb3000-7f772afb7000 ---p 00000000 00:00 0 
7f772afb7000-7f772b0b3000 rw-p 00000000 00:00 0 
7f772b0b3000-7f772b0b7000 ---p 00000000 00:00 0 
7f772b0b7000-7f772b1b3000 rw-p 00000000 00:00 0 
7f772b1b3000-7f772b1b7000 ---p 00000000 00:00 0 
7f772b1b7000-7f772b2b3000 rw-p 00000000 00:00 0 
7f772b2b3000-7f772b2b7000 ---p 00000000 00:00 0 
7f772b2b7000-7f772b4b3000 rw-p 00000000 00:00 0 
7f772b4b3000-7f772b723000 rwxp 00000000 00:00 0 
7f772b723000-7f772ba42000 ---p 00000000 00:00 0 
7f772ba42000-7f772c8c2000 rwxp 00000000 00:00 0 
7f772c8c2000-7f7732f7a000 ---p 00000000 00:00 0 
7f7732f7a000-7f77331ea000 rwxp 00000000 00:00 0 
7f77331ea000-7f773a4b3000 ---p 00000000 00:00 0 
7f773a4b3000-7f7744000000 r--s 00000000 08:30 707804677                  /nix/store/gpxl5qgg8kicmcvivwmybwjlpf7wh20l-graalvm17-ce-22.3.0/lib/modules
7f7744000000-7f7744414000 rw-p 00000000 00:00 0 
7f7744414000-7f7748000000 ---p 00000000 00:00 0 
7f7748048000-7f774804c000 ---p 00000000 00:00 0 
7f774804c000-7f7748248000 rw-p 00000000 00:00 0 
7f7748248000-7f774824c000 ---p 00000000 00:00 0 
7f774824c000-7f7748348000 rw-p 00000000 00:00 0 
7f7748348000-7f774834c000 ---p 00000000 00:00 0 
7f774834c000-7f7748448000 rw-p 00000000 00:00 0 
7f7748448000-7f774844c000 ---p 00000000 00:00 0 
7f774844c000-7f7748548000 rw-p 00000000 00:00 0 
7f7748548000-7f774882e000 r--p 00000000 fc:00 28444448                   /usr/lib/locale/locale-archive
7f774882e000-7f7748832000 ---p 00000000 00:00 0 
7f7748832000-7f774892e000 rw-p 00000000 00:00 0 
7f774892e000-7f7748932000 ---p 00000000 00:00 0 
7f7748932000-7f7748a2e000 rw-p 00000000 00:00 0 
7f7748a2e000-7f7748a2f000 ---p 00000000 00:00 0 
7f7748a2f000-7f7748b30000 rw-p 00000000 00:00 0 
7f7748b30000-7f7748bfe000 r-xp 00000000 08:30 707802132                  /nix/store/gpxl5qgg8kicmcvivwmybwjlpf7wh20l-graalvm17-ce-22.3.0/lib/libjsvml.so
7f7748bfe000-7f7748bff000 r--p 000cd000 08:30 707802132                  /nix/store/gpxl5qgg8kicmcvivwmybwjlpf7wh20l-graalvm17-ce-22.3.0/lib/libjsvml.so
7f7748bff000-7f7748c00000 rw-p 000ce000 08:30 707802132                  /nix/store/gpxl5qgg8kicmcvivwmybwjlpf7wh20l-graalvm17-ce-22.3.0/lib/libjsvml.so
7f7748c00000-7f7748ff0000 rw-p 00000000 00:00 0 
7f7748ff0000-7f77492f0000 rw-p 00000000 00:00 0 
7f77492f0000-7f7749400000 rw-p 00000000 00:00 0 
7f7749422000-7f7749426000 ---p 00000000 00:00 0 
7f7749426000-7f7749444000 rw-p 00000000 00:00 0 
7f7749444000-7f774944b000 r-xp 00000000 08:30 707804676                  /nix/store/gpxl5qgg8kicmcvivwmybwjlpf7wh20l-graalvm17-ce-22.3.0/lib/libzip.so
7f774944b000-7f774944c000 ---p 00007000 08:30 707804676                  /nix/store/gpxl5qgg8kicmcvivwmybwjlpf7wh20l-graalvm17-ce-22.3.0/lib/libzip.so
7f774944c000-7f774944d000 r--p 00007000 08:30 707804676                  /nix/store/gpxl5qgg8kicmcvivwmybwjlpf7wh20l-graalvm17-ce-22.3.0/lib/libzip.so
7f774944d000-7f774944e000 rw-p 00008000 08:30 707804676                  /nix/store/gpxl5qgg8kicmcvivwmybwjlpf7wh20l-graalvm17-ce-22.3.0/lib/libzip.so
7f774944e000-7f7749450000 rw-p 0000b000 08:30 707804676                  /nix/store/gpxl5qgg8kicmcvivwmybwjlpf7wh20l-graalvm17-ce-22.3.0/lib/libzip.so
7f7749450000-7f7749465000 r-xp 00000000 08:30 707804666                  /nix/store/gpxl5qgg8kicmcvivwmybwjlpf7wh20l-graalvm17-ce-22.3.0/lib/libnet.so
7f7749465000-7f7749466000 ---p 00015000 08:30 707804666                  /nix/store/gpxl5qgg8kicmcvivwmybwjlpf7wh20l-graalvm17-ce-22.3.0/lib/libnet.so
7f7749466000-7f7749467000 r--p 00015000 08:30 707804666                  /nix/store/gpxl5qgg8kicmcvivwmybwjlpf7wh20l-graalvm17-ce-22.3.0/lib/libnet.so
7f7749467000-7f7749468000 rw-p 00016000 08:30 707804666                  /nix/store/gpxl5qgg8kicmcvivwmybwjlpf7wh20l-graalvm17-ce-22.3.0/lib/libnet.so
7f7749468000-7f774946b000 rw-p 0001b000 08:30 707804666                  /nix/store/gpxl5qgg8kicmcvivwmybwjlpf7wh20l-graalvm17-ce-22.3.0/lib/libnet.so
7f774946b000-7f774947e000 r-xp 00000000 08:30 707804667                  /nix/store/gpxl5qgg8kicmcvivwmybwjlpf7wh20l-graalvm17-ce-22.3.0/lib/libnio.so
7f774947e000-7f774947f000 r--p 00012000 08:30 707804667                  /nix/store/gpxl5qgg8kicmcvivwmybwjlpf7wh20l-graalvm17-ce-22.3.0/lib/libnio.so
7f774947f000-7f7749480000 rw-p 00013000 08:30 707804667                  /nix/store/gpxl5qgg8kicmcvivwmybwjlpf7wh20l-graalvm17-ce-22.3.0/lib/libnio.so
7f7749480000-7f7749485000 rw-p 00019000 08:30 707804667                  /nix/store/gpxl5qgg8kicmcvivwmybwjlpf7wh20l-graalvm17-ce-22.3.0/lib/libnio.so
7f7749485000-7f774ad5d000 rw-p 00000000 00:00 0 
7f774ad5d000-7f774ad5e000 ---p 00000000 00:00 0 
7f774ad5e000-7f774aeeb000 rw-p 00000000 00:00 0 
7f774aeeb000-7f774af4d000 rw-p 00000000 00:00 0 
7f774af4d000-7f774af5f000 ---p 00000000 00:00 0 
7f774af5f000-7f774af65000 rw-p 00000000 00:00 0 
7f774af65000-7f774b04b000 ---p 00000000 00:00 0 
7f774b04b000-7f774b068000 rw-p 00000000 00:00 0 
7f774b068000-7f774b136000 ---p 00000000 00:00 0 
7f774b136000-7f774b13b000 rw-p 00000000 00:00 0 
7f774b13b000-7f774b142000 ---p 00000000 00:00 0 
7f774b142000-7f774b166000 r-xp 00000000 08:30 707802124                  /nix/store/gpxl5qgg8kicmcvivwmybwjlpf7wh20l-graalvm17-ce-22.3.0/lib/libjava.so
7f774b166000-7f774b167000 ---p 00024000 08:30 707802124                  /nix/store/gpxl5qgg8kicmcvivwmybwjlpf7wh20l-graalvm17-ce-22.3.0/lib/libjava.so
7f774b167000-7f774b168000 r--p 00024000 08:30 707802124                  /nix/store/gpxl5qgg8kicmcvivwmybwjlpf7wh20l-graalvm17-ce-22.3.0/lib/libjava.so
7f774b168000-7f774b169000 rw-p 00025000 08:30 707802124                  /nix/store/gpxl5qgg8kicmcvivwmybwjlpf7wh20l-graalvm17-ce-22.3.0/lib/libjava.so
7f774b169000-7f774b16a000 rw-p 00000000 00:00 0 
7f774b16a000-7f774b171000 rw-p 0002f000 08:30 707802124                  /nix/store/gpxl5qgg8kicmcvivwmybwjlpf7wh20l-graalvm17-ce-22.3.0/lib/libjava.so
7f774b171000-7f774b179000 rw-s 00000000 00:a89 397                       /tmp/hsperfdata_runner/38
7f774b179000-7f774b17a000 ---p 00000000 00:00 0 
7f774b17a000-7f774b17b000 r--p 00000000 00:00 0 
7f774b17b000-7f774b17c000 rwxp 00000000 00:00 0 
7f774b17c000-7f774b197000 r-xp 00000000 08:30 707802128                  /nix/store/gpxl5qgg8kicmcvivwmybwjlpf7wh20l-graalvm17-ce-22.3.0/lib/libjimage.so
7f774b197000-7f774b198000 ---p 0001b000 08:30 707802128                  /nix/store/gpxl5qgg8kicmcvivwmybwjlpf7wh20l-graalvm17-ce-22.3.0/lib/libjimage.so
7f774b198000-7f774b19a000 r--p 0001b000 08:30 707802128                  /nix/store/gpxl5qgg8kicmcvivwmybwjlpf7wh20l-graalvm17-ce-22.3.0/lib/libjimage.so
7f774b19a000-7f774b19b000 rw-p 0001d000 08:30 707802128                  /nix/store/gpxl5qgg8kicmcvivwmybwjlpf7wh20l-graalvm17-ce-22.3.0/lib/libjimage.so
7f774b19b000-7f774b19c000 rw-p 00024000 08:30 707802128                  /nix/store/gpxl5qgg8kicmcvivwmybwjlpf7wh20l-graalvm17-ce-22.3.0/lib/libjimage.so
7f774b19c000-7f774b1a0000 ---p 00000000 00:00 0 
7f774b1a0000-7f774b29c000 rw-p 00000000 00:00 0 
7f774b29c000-7f774b2aa000 r--p 00000000 08:30 600592023                  /nix/store/4nlgxhb09sdr51nc9hdm8az5b08vzkgx-glibc-2.35-163/lib/libm.so.6
7f774b2aa000-7f774b31d000 r-xp 0000e000 08:30 600592023                  /nix/store/4nlgxhb09sdr51nc9hdm8az5b08vzkgx-glibc-2.35-163/lib/libm.so.6
7f774b31d000-7f774b37a000 r--p 00081000 08:30 600592023                  /nix/store/4nlgxhb09sdr51nc9hdm8az5b08vzkgx-glibc-2.35-163/lib/libm.so.6
7f774b37a000-7f774b37b000 r--p 000dd000 08:30 600592023                  /nix/store/4nlgxhb09sdr51nc9hdm8az5b08vzkgx-glibc-2.35-163/lib/libm.so.6
7f774b37b000-7f774b37c000 rw-p 000de000 08:30 600592023                  /nix/store/4nlgxhb09sdr51nc9hdm8az5b08vzkgx-glibc-2.35-163/lib/libm.so.6
7f774b37c000-7f774b37d000 r--p 00000000 08:30 600592042                  /nix/store/4nlgxhb09sdr51nc9hdm8az5b08vzkgx-glibc-2.35-163/lib/librt.so.1
7f774b37d000-7f774b37e000 r-xp 00001000 08:30 600592042                  /nix/store/4nlgxhb09sdr51nc9hdm8az5b08vzkgx-glibc-2.35-163/lib/librt.so.1
7f774b37e000-7f774b37f000 r--p 00002000 08:30 600592042                  /nix/store/4nlgxhb09sdr51nc9hdm8az5b08vzkgx-glibc-2.35-163/lib/librt.so.1
7f774b37f000-7f774b380000 r--p 00002000 08:30 600592042                  /nix/store/4nlgxhb09sdr51nc9hdm8az5b08vzkgx-glibc-2.35-163/lib/librt.so.1
7f774b380000-7f774b381000 rw-p 00003000 08:30 600592042                  /nix/store/4nlgxhb09sdr51nc9hdm8az5b08vzkgx-glibc-2.35-163/lib/librt.so.1
7f774b381000-7f774c494000 r-xp 00000000 08:30 707972962                  /nix/store/gpxl5qgg8kicmcvivwmybwjlpf7wh20l-graalvm17-ce-22.3.0/lib/server/libjvm.so
7f774c494000-7f774c495000 ---p 01113000 08:30 707972962                  /nix/store/gpxl5qgg8kicmcvivwmybwjlpf7wh20l-graalvm17-ce-22.3.0/lib/server/libjvm.so
7f774c495000-7f774c54a000 r--p 01113000 08:30 707972962                  /nix/store/gpxl5qgg8kicmcvivwmybwjlpf7wh20l-graalvm17-ce-22.3.0/lib/server/libjvm.so
7f774c54a000-7f774c57e000 rw-p 011c8000 08:30 707972962                  /nix/store/gpxl5qgg8kicmcvivwmybwjlpf7wh20l-graalvm17-ce-22.3.0/lib/server/libjvm.so
7f774c57e000-7f774c5da000 rw-p 00000000 00:00 0 
7f774c5da000-7f774c602000 r--p 00000000 08:30 600592014                  /nix/store/4nlgxhb09sdr51nc9hdm8az5b08vzkgx-glibc-2.35-163/lib/libc.so.6
7f774c602000-7f774c778000 r-xp 00028000 08:30 600592014                  /nix/store/4nlgxhb09sdr51nc9hdm8az5b08vzkgx-glibc-2.35-163/lib/libc.so.6
7f774c778000-7f774c7d0000 r--p 0019e000 08:30 600592014                  /nix/store/4nlgxhb09sdr51nc9hdm8az5b08vzkgx-glibc-2.35-163/lib/libc.so.6
7f774c7d0000-7f774c7d4000 r--p 001f6000 08:30 600592014                  /nix/store/4nlgxhb09sdr51nc9hdm8az5b08vzkgx-glibc-2.35-163/lib/libc.so.6
7f774c7d4000-7f774c7d6000 rw-p 001fa000 08:30 600592014                  /nix/store/4nlgxhb09sdr51nc9hdm8az5b08vzkgx-glibc-2.35-163/lib/libc.so.6
7f774c7d6000-7f774c7e5000 rw-p 00000000 00:00 0 
7f774c7e5000-7f774c7e6000 r--p 00000000 08:30 600592019                  /nix/store/4nlgxhb09sdr51nc9hdm8az5b08vzkgx-glibc-2.35-163/lib/libdl.so.2
7f774c7e6000-7f774c7e7000 r-xp 00001000 08:30 600592019                  /nix/store/4nlgxhb09sdr51nc9hdm8az5b08vzkgx-glibc-2.35-163/lib/libdl.so.2
7f774c7e7000-7f774c7e8000 r--p 00002000 08:30 600592019                  /nix/store/4nlgxhb09sdr51nc9hdm8az5b08vzkgx-glibc-2.35-163/lib/libdl.so.2
7f774c7e8000-7f774c7e9000 r--p 00002000 08:30 600592019                  /nix/store/4nlgxhb09sdr51nc9hdm8az5b08vzkgx-glibc-2.35-163/lib/libdl.so.2
7f774c7e9000-7f774c7ea000 rw-p 00003000 08:30 600592019                  /nix/store/4nlgxhb09sdr51nc9hdm8az5b08vzkgx-glibc-2.35-163/lib/libdl.so.2
7f774c7ea000-7f774c7eb000 r--p 00000000 08:30 600592038                  /nix/store/4nlgxhb09sdr51nc9hdm8az5b08vzkgx-glibc-2.35-163/lib/libpthread.so.0
7f774c7eb000-7f774c7ec000 r-xp 00001000 08:30 600592038                  /nix/store/4nlgxhb09sdr51nc9hdm8az5b08vzkgx-glibc-2.35-163/lib/libpthread.so.0
7f774c7ec000-7f774c7ed000 r--p 00002000 08:30 600592038                  /nix/store/4nlgxhb09sdr51nc9hdm8az5b08vzkgx-glibc-2.35-163/lib/libpthread.so.0
7f774c7ed000-7f774c7ee000 r--p 00002000 08:30 600592038                  /nix/store/4nlgxhb09sdr51nc9hdm8az5b08vzkgx-glibc-2.35-163/lib/libpthread.so.0
7f774c7ee000-7f774c7ef000 rw-p 00003000 08:30 600592038                  /nix/store/4nlgxhb09sdr51nc9hdm8az5b08vzkgx-glibc-2.35-163/lib/libpthread.so.0
7f774c7ef000-7f774c7fd000 r-xp 00000000 08:30 707802129                  /nix/store/gpxl5qgg8kicmcvivwmybwjlpf7wh20l-graalvm17-ce-22.3.0/lib/libjli.so
7f774c7fd000-7f774c7fe000 ---p 0000e000 08:30 707802129                  /nix/store/gpxl5qgg8kicmcvivwmybwjlpf7wh20l-graalvm17-ce-22.3.0/lib/libjli.so
7f774c7fe000-7f774c7ff000 r--p 0000e000 08:30 707802129                  /nix/store/gpxl5qgg8kicmcvivwmybwjlpf7wh20l-graalvm17-ce-22.3.0/lib/libjli.so
7f774c7ff000-7f774c800000 rw-p 0000f000 08:30 707802129                  /nix/store/gpxl5qgg8kicmcvivwmybwjlpf7wh20l-graalvm17-ce-22.3.0/lib/libjli.so
7f774c800000-7f774c801000 rw-p 00012000 08:30 707802129                  /nix/store/gpxl5qgg8kicmcvivwmybwjlpf7wh20l-graalvm17-ce-22.3.0/lib/libjli.so
7f774c801000-7f774c804000 r--p 00000000 08:30 678822167                  /nix/store/026hln0aq1hyshaxsdvhg0kmcm6yf45r-zlib-1.2.13/lib/libz.so.1.2.13
7f774c804000-7f774c816000 r-xp 00003000 08:30 678822167                  /nix/store/026hln0aq1hyshaxsdvhg0kmcm6yf45r-zlib-1.2.13/lib/libz.so.1.2.13
7f774c816000-7f774c81d000 r--p 00015000 08:30 678822167                  /nix/store/026hln0aq1hyshaxsdvhg0kmcm6yf45r-zlib-1.2.13/lib/libz.so.1.2.13
7f774c81d000-7f774c81e000 r--p 0001b000 08:30 678822167                  /nix/store/026hln0aq1hyshaxsdvhg0kmcm6yf45r-zlib-1.2.13/lib/libz.so.1.2.13
7f774c81e000-7f774c81f000 rw-p 0001c000 08:30 678822167                  /nix/store/026hln0aq1hyshaxsdvhg0kmcm6yf45r-zlib-1.2.13/lib/libz.so.1.2.13
7f774c81f000-7f774c821000 rw-p 00000000 00:00 0 
7f774c821000-7f774c823000 r--p 00000000 08:30 600592008                  /nix/store/4nlgxhb09sdr51nc9hdm8az5b08vzkgx-glibc-2.35-163/lib/ld-linux-x86-64.so.2
7f774c823000-7f774c84a000 r-xp 00002000 08:30 600592008                  /nix/store/4nlgxhb09sdr51nc9hdm8az5b08vzkgx-glibc-2.35-163/lib/ld-linux-x86-64.so.2
7f774c84a000-7f774c856000 r--p 00029000 08:30 600592008                  /nix/store/4nlgxhb09sdr51nc9hdm8az5b08vzkgx-glibc-2.35-163/lib/ld-linux-x86-64.so.2
7f774c856000-7f774c858000 r--p 00034000 08:30 600592008                  /nix/store/4nlgxhb09sdr51nc9hdm8az5b08vzkgx-glibc-2.35-163/lib/ld-linux-x86-64.so.2
7f774c858000-7f774c85a000 rw-p 00036000 08:30 600592008                  /nix/store/4nlgxhb09sdr51nc9hdm8az5b08vzkgx-glibc-2.35-163/lib/ld-linux-x86-64.so.2
7fffefa71000-7fffefa96000 rw-p 00000000 00:00 0                          [stack]
7fffefad6000-7fffefada000 r--p 00000000 00:00 0                          [vvar]
7fffefada000-7fffefadc000 r-xp 00000000 00:00 0                          [vdso]
ffffffffff600000-ffffffffff601000 --xp 00000000 00:00 0                  [vsyscall]


VM Arguments:
jvm_args: -XX:ThreadPriorityPolicy=1 -XX:+UnlockExperimentalVMOptions -XX:+EnableJVMCIProduct -XX:JVMCIThreadsPerNativeLibraryRuntime=1 -XX:-UnlockExperimentalVMOptions -Declipse.application=org.eclipse.jdt.ls.core.id1 -Dosgi.bundles.defaultStartLevel=4 -Declipse.product=org.eclipse.jdt.ls.core.product -Dlog.level=ALL -Xverify:none -XX:+UseParallelGC -XX:GCTimeRatio=4 -XX:AdaptiveSizePolicyWeight=90 -Dsun.zip.disableMemoryMapping=true -Xmx512m -Xms100m 
java_command: /nix/store/q9712qvwdh22a4krw4jz2sjrz07mvjbl-jdt-language-server-1.9.0/share/java/plugins/org.eclipse.equinox.launcher_1.6.400.v20210924-0641.jar --add-modules=ALL-SYSTEM --add-opens java.base/java.util=ALL-UNNAMED --add-opens java.base/java.lang=ALL-UNNAMED -configuration /home/runner/ProyectoFinal/.cache/jdt-language-server/config -data /home/runner/.cache/jdt-language-server/data/home/runner/ProyectoFinal
java_class_path (initial): /nix/store/q9712qvwdh22a4krw4jz2sjrz07mvjbl-jdt-language-server-1.9.0/share/java/plugins/org.eclipse.equinox.launcher_1.6.400.v20210924-0641.jar
Launcher Type: SUN_STANDARD

[Global flags]
    uintx AdaptiveSizePolicyWeight                 = 90                                        {product} {command line}
     intx CICompilerCount                          = 2                                         {product} {ergonomic}
     bool EnableJVMCIProduct                       = true                                {JVMCI product} {jimage}
    uintx GCTimeRatio                              = 4                                         {product} {command line}
   size_t InitialHeapSize                          = 104857600                                 {product} {command line}
     uint JVMCIThreadsPerNativeLibraryRuntime      = 1                                   {JVMCI product} {jimage}
   size_t MaxHeapSize                              = 536870912                                 {product} {command line}
   size_t MaxNewSize                               = 178782208                                 {product} {ergonomic}
   size_t MinHeapDeltaBytes                        = 524288                                    {product} {ergonomic}
   size_t MinHeapSize                              = 104857600                                 {product} {command line}
   size_t NewSize                                  = 34603008                                  {product} {ergonomic}
    uintx NonNMethodCodeHeapSize                   = 5826188                                {pd product} {ergonomic}
    uintx NonProfiledCodeHeapSize                  = 122916026                              {pd product} {ergonomic}
   size_t OldSize                                  = 70254592                                  {product} {ergonomic}
    uintx ProfiledCodeHeapSize                     = 122916026                              {pd product} {ergonomic}
    uintx ReservedCodeCacheSize                    = 251658240                              {pd product} {ergonomic}
     bool SegmentedCodeCache                       = true                                      {product} {ergonomic}
   size_t SoftMaxHeapSize                          = 536870912                              {manageable} {ergonomic}
     intx ThreadPriorityPolicy                     = 1                                         {product} {jimage}
     bool UseCompressedClassPointers               = true                           {product lp64_product} {ergonomic}
     bool UseCompressedOops                        = true                           {product lp64_product} {ergonomic}
     bool UseParallelGC                            = true                                      {product} {command line}

Logging:
Log output configuration:
 #0: stdout all=warning uptime,level,tags
 #1: stderr all=off uptime,level,tags

Environment Variables:
JAVA_HOME=/nix/store/gpxl5qgg8kicmcvivwmybwjlpf7wh20l-graalvm17-ce-22.3.0
PATH=/nix/store/1d6ian3r8kdzspw8hacjhl3xkp40g1lj-binutils-wrapper-2.39/bin:/nix/store/dq0xwmsk1g0i2ayg6pb7y87na2knzylh-gcc-wrapper-11.3.0/bin:/nix/store/bap4d0lpcrhpwmpb8ayjcgkmvfj62lnq-bash-interactive-5.1-p16/bin:/nix/store/pr5n59mb4jzmfx6kanwxly0l07p861fg-patchelf-0.15.0/bin:/nix/store/1gf2flfqnpqbr1b4p4qz2f72y42bs56r-gcc-11.3.0/bin:/nix/store/57xv61c5zi8pphjbcwxxjlgc34p61ic9-glibc-2.35-163-bin/bin:/nix/store/a7gvj343m05j2s32xcnwr35v31ynlypr-coreutils-9.1/bin:/nix/store/039g378vc3pc3dvi9dzdlrd0i4q93qwf-binutils-2.39/bin:/nix/store/gpxl5qgg8kicmcvivwmybwjlpf7wh20l-graalvm17-ce-22.3.0/bin:/nix/store/6z9ag3ihc8mq2hzsw48lhbznvzny65nz-apache-maven-3.8.6/bin:/nix/store/q9712qvwdh22a4krw4jz2sjrz07mvjbl-jdt-language-server-1.9.0/bin:/nix/store/9zdrgm97n766nc0kj11x4xvvp00qlfk9-java-debug/bin:/nix/store/18y8p4mjwjy26npih04hfv48wz9czgk3-attr-2.5.1-bin/bin:/nix/store/q8s1kzhsblr2a1p2g0lh2dkcgca1im3z-libcap-2.66/bin:/nix/store/bvihhgw8bh6cqqlj0d4s8cvmm4mqmzfc-pulseaudio-16.1/bin:/nix/store/mydc6f4k2z73xlcz7ilif3v2lcaiqvza-findutils-4.9.0/bin:/nix/store/j9p3g8472iijd50vhdprx0nmk2fqn5gv-diffutils-3.8/bin:/nix/store/89zs7rms6x00xfq4dq6m7mjnhkr8a6r4-gnused-4.8/bin:/nix/store/86bp03jkmsl6f92w0yzg4s59g5mhxwmy-gnugrep-3.7/bin:/nix/store/hwcdqw4jrjnd37wxqgsd47hd0j8bnj09-gawk-5.1.1/bin:/nix/store/cfbhw8r8ags41vwqaz47r583d0p4h4a1-gnutar-1.34/bin:/nix/store/p3m1ndl1lapwrlh698bnb5lvvxh67378-gzip-1.12/bin:/nix/store/a8mhcagrsly7c7mpjrpsnaahk4aax056-bzip2-1.0.8-bin/bin:/nix/store/mblgz65m3zv9x548a3d5m96fj2pbwr09-gnumake-4.3/bin:/nix/store/dsd5gz46hdbdk2rfdimqddhq6m8m8fqs-bash-5.1-p16/bin:/nix/store/v7ljksji50mg3w61dykaa3n3y79n6nil-patch-2.7.6/bin:/nix/store/zlcnmqq14jz5x9439jf937mvayyl63da-xz-5.2.7-bin/bin:/nix/store/y6aj732zm9m87c82fpvf103a1xb22blp-file-5.43/bin:/nix/store/yq0vlv3d2f5si3ibawpq5ay2pc6knixp-nix-2.18.0pre20230808_c0e6466/bin:/nix/store/i4kzir3m7mrisxmf5xvlnkw01x4qaqr4-prybar-elisp-0.0.0-e0d9a52/bin:/nix/store/lwwivxf6h7x3cvxp9zv8sj0mv7dak99r-prybar-lua-0.0.0-e0d9a52/bin:/nix/st
LD_LIBRARY_PATH=/nix/store/a4pff549sk2idnkpzk5nsfps3mdkdnvm-cups-2.4.2-lib/lib:/nix/store/72mqxxhh3cy5yifh92wh2yb8cl2hikyy-cairo-1.16.0/lib:/nix/store/2k366jrbsra97gjfxwvrhvixjfxdach5-glib-2.74.1/lib:/nix/store/2j2znigd8ak37rlwh9khz0ry3clqlw1l-gtk+3-3.24.34/lib
DISPLAY=:0
LANG=en_US.UTF-8

Signal Handlers:
   SIGSEGV: crash_handler in libjvm.so, mask=11100100010111111101111111111110, flags=SA_RESTART|SA_SIGINFO
    SIGBUS: crash_handler in libjvm.so, mask=11100100010111111101111111111110, flags=SA_RESTART|SA_SIGINFO
    SIGFPE: crash_handler in libjvm.so, mask=11100100010111111101111111111110, flags=SA_RESTART|SA_SIGINFO
   SIGPIPE: IsolateEnterStub_IgnoreSIGPIPEStartupHook_noopSignalHandler_8f19bff2f35b5f630d83b364d6b2339320d4ec70_216e8361c6bc87a8f89f58cc10d3b2fd4415bf87 in libjvmcicompiler.so, mask=00000000000000000000000000000000, flags=SA_RESTART
  *** Handler was modified!
  *** Expected: javaSignalHandler in libjvm.so, mask=11100100110111111111111111111110, flags=SA_RESTART|SA_SIGINFO
   SIGXFSZ: javaSignalHandler in libjvm.so, mask=11100100010111111101111111111110, flags=SA_RESTART|SA_SIGINFO
    SIGILL: crash_handler in libjvm.so, mask=11100100010111111101111111111110, flags=SA_RESTART|SA_SIGINFO
   SIGUSR2: SR_handler in libjvm.so, mask=00000000000000000000000000000000, flags=SA_RESTART|SA_SIGINFO
    SIGHUP: UserHandler in libjvm.so, mask=11100100010111111101111111111110, flags=SA_RESTART|SA_SIGINFO
    SIGINT: UserHandler in libjvm.so, mask=11100100010111111101111111111110, flags=SA_RESTART|SA_SIGINFO
   SIGTERM: UserHandler in libjvm.so, mask=11100100010111111101111111111110, flags=SA_RESTART|SA_SIGINFO
   SIGQUIT: UserHandler in libjvm.so, mask=11100100010111111101111111111110, flags=SA_RESTART|SA_SIGINFO
  *** Handler was modified!
  *** Expected: javaSignalHandler in libjvm.so, mask=11100100110111111111111111111110, flags=SA_RESTART|SA_SIGINFO
   SIGTRAP: crash_handler in libjvm.so, mask=11100100010111111101111111111110, flags=SA_RESTART|SA_SIGINFO


---------------  S Y S T E M  ---------------

OS:
DISTRIB_ID=Ubuntu
DISTRIB_RELEASE=20.04
DISTRIB_CODENAME=focal
DISTRIB_DESCRIPTION="Ubuntu 20.04.2 LTS"
uname: Linux 6.5.0-1015-gcp #15~22.04.1-Ubuntu SMP Wed Feb 14 21:22:00 UTC 2024 x86_64
OS uptime: 0 days 8:20 hours
libc: glibc 2.35 NPTL 2.35 
rlimit (soft/hard): STACK 8192k/infinity , CORE infinity/infinity , NPROC infinity/infinity , NOFILE 5242/5242 , AS infinity/infinity , CPU infinity/infinity , DATA infinity/infinity , FSIZE infinity/infinity , MEMLOCK 8192k/8192k
load average: 14.38 18.57 17.64

/proc/meminfo:
MemTotal:       65835412 kB
MemFree:        32945848 kB
MemAvailable:   44423616 kB
Buffers:          822284 kB
Cached:         10020724 kB
SwapCached:            0 kB
Active:         23267592 kB
Inactive:        6908520 kB
Active(anon):   17499636 kB
Inactive(anon):  1655624 kB
Active(file):    5767956 kB
Inactive(file):  5252896 kB
Unevictable:       28412 kB
Mlocked:           28412 kB
SwapTotal:             0 kB
SwapFree:              0 kB
Zswap:                 0 kB
Zswapped:              0 kB
Dirty:             49612 kB
Writeback:             0 kB
AnonPages:      19241152 kB
Mapped:          2505644 kB
Shmem:             56764 kB
KReclaimable:    1183368 kB
Slab:            1785420 kB
SReclaimable:    1183368 kB
SUnreclaim:       602052 kB
KernelStack:      169476 kB
PageTables:       338932 kB
SecPageTables:         0 kB
NFS_Unstable:          0 kB
Bounce:                0 kB
WritebackTmp:          0 kB
CommitLimit:    32917704 kB
Committed_AS:   60846964 kB
VmallocTotal:   34359738367 kB
VmallocUsed:      198488 kB
VmallocChunk:          0 kB
Percpu:            45696 kB
HardwareCorrupted:     0 kB
AnonHugePages:   1202176 kB
ShmemHugePages:        0 kB
ShmemPmdMapped:        0 kB
FileHugePages:         0 kB
FilePmdMapped:         0 kB
Unaccepted:            0 kB
HugePages_Total:       0
HugePages_Free:        0
HugePages_Rsvd:        0
HugePages_Surp:        0
Hugepagesize:       2048 kB
Hugetlb:               0 kB
DirectMap4k:      246584 kB
DirectMap2M:    27013120 kB
DirectMap1G:    41943040 kB

/sys/kernel/mm/transparent_hugepage/enabled: always [madvise] never
/sys/kernel/mm/transparent_hugepage/defrag (defrag/compaction efforts parameter): always defer defer+madvise [madvise] never

Process Memory:
Virtual Size: 4448876K (peak: 4536108K)
Resident Set Size: 797724K (peak: 823780K) (anon: 600552K, file: 197172K, shmem: 0K)
Swapped out: 0K
C-Heap outstanding allocations: 38640K, retained: 13599K
glibc malloc tunables: (default)

/proc/sys/kernel/threads-max (system-wide limit on the number of threads): 514277
/proc/sys/vm/max_map_count (maximum number of memory map areas a process may have): 65530
/proc/sys/kernel/pid_max (system-wide limit on number of process identifiers): 4194304

container (cgroup) information:
container_type: cgroupv2
cpu_cpuset_cpus: not supported
cpu_memory_nodes: not supported
active_processor_count: 1
cpu_quota: 50000
cpu_period: 100000
cpu_shares: no shares
memory_limit_in_bytes: 1048576 k
memory_and_swap_limit_in_bytes: unlimited
memory_soft_limit_in_bytes: 524288 k
memory_usage_in_bytes: 679492 k
memory_max_usage_in_bytes: not supported
maximum number of tasks: not supported
current number of tasks: not supported

KVM virtualization detected
Steal ticks since vm start: 5529
Steal ticks percentage since vm start:  0.002

CPU: total 8 (initial active 1) (4 cores per cpu, 2 threads per core) family 6 model 79 stepping 0 microcode 0xffffffff, cx8, cmov, fxsr, ht, mmx, 3dnowpref, sse, sse2, sse3, ssse3, sse4.1, sse4.2, popcnt, lzcnt, tsc, tscinvbit, avx, avx2, aes, erms, clmul, bmi1, bmi2, rtm, adx, fma, vzeroupper, clflush, hv
CPU Model and flags from /proc/cpuinfo:
model name	: Intel(R) Xeon(R) CPU @ 2.20GHz
flags		: fpu vme de pse tsc msr pae mce cx8 apic sep mtrr pge mca cmov pat pse36 clflush mmx fxsr sse sse2 ss ht syscall nx pdpe1gb rdtscp lm constant_tsc rep_good nopl xtopology nonstop_tsc cpuid tsc_known_freq pni pclmulqdq ssse3 fma cx16 pcid sse4_1 sse4_2 x2apic movbe popcnt aes xsave avx f16c rdrand hypervisor lahf_lm abm 3dnowprefetch invpcid_single pti ssbd ibrs ibpb stibp fsgsbase tsc_adjust bmi1 hle avx2 smep bmi2 erms invpcid rtm rdseed adx smap xsaveopt arat md_clear arch_capabilities

Online cpus: 0-7
Offline cpus: 
BIOS frequency limitation: <Not Available>
Frequency switch latency (ns): <Not Available>
Available cpu frequencies: <Not Available>
Current governor: <Not Available>
Core performance/turbo boost: <Not Available>

Memory: 4k page, physical 1048576k(369076k free), swap 0k(0k free)
Page Sizes: 4k

vm_info: OpenJDK 64-Bit Server VM (17.0.5+8-jvmci-22.3-b08) for linux-amd64 JRE (17.0.5+8-jvmci-22.3-b08), built on Oct 19 2022 09:01:27 by "buildslave" with gcc 10.3.0

END.
